input_9.sol 1 MyContract 
input_17.sol 2 Bank Sender 
input_22.sol 1 spu_university 
input_39.sol 3 NoLoop TestLoop Loop 
input_43.sol 1 Lab03 
input_45.sol 1 MyContract 
input_48.sol 1 Counter 
input_59.sol 1 MyContract 
input_60.sol 1 Marketplace 
input_63.sol 1 PriceConsumerV3 
input_64.sol 2 Marketplace NFT 
input_70.sol 1 Ballot 
input_75.sol 1 MentalHealthCoin 
input_77.sol 1 PokemonFactory 
input_80.sol 1 MyContract 
input_89.sol 2 Station StationFactory 
input_90.sol 1 CMRGachaSeedNFT 
input_94.sol 1 YourContract 
input_97.sol 1 Test 
input_108.sol 1 ICO 
input_109.sol 2 a b 
input_112.sol 1 CommitteePrecompiled 
input_117.sol 1 CarShop 
input_124.sol 1 Test 
input_126.sol 1 MyContract 
input_130.sol 1 StorageFactory 
input_140.sol 1 Lock 
input_145.sol 2 MyContract UniswapV2Pair 
input_151.sol 2 Factory C 
input_152.sol 1 Demo 
input_153.sol 1 UQ112x112 
input_159.sol 1 DonationContract 
input_160.sol 1 Escrow 
input_164.sol 1 MyERC721 
input_172.sol 1 TransferMoney 
input_175.sol 2 Contract2 Contract1 
input_176.sol 1 oracleLink 
input_180.sol 1 Game 
input_188.sol 2 Caller ExternalContract 
input_190.sol 1 MyContract 
input_191.sol 1 CrowdFunding 
input_195.sol 1 MedicalHistory 
input_196.sol 1 helloGeeks 
input_198.sol 1 SimpleStorage 
input_199.sol 1 MyContract 
input_202.sol 1 Auction 
input_203.sol 1 MyContract 
input_205.sol 1 YourContract 
input_206.sol 2 ContractB ContractA 
input_211.sol 1 Escrow 
input_213.sol 1 CWC 
input_215.sol 1 Auction 
input_216.sol 1 SignTest 
input_230.sol 1 Called 
input_236.sol 1 Test 
input_238.sol 1 StorageFactory 
input_241.sol 1 GenericLargeResponse 
input_244.sol 1 MyContract 
input_255.sol 1 SelfWhitelist 
input_256.sol 1 MyContract 
input_259.sol 1 Serializer 
input_260.sol 1 Test 
input_261.sol 2 Foo FunWithStorage 
input_262.sol 1 Test 
input_264.sol 1 StringToAddress 
input_266.sol 2 A B 
input_269.sol 1 SimpleStorage 
input_273.sol 1 Test 
input_278.sol 1 MyToken 
input_282.sol 1 TokenTransfer 
input_283.sol 1 MyContract 
input_284.sol 1 SimpleStorage 
input_287.sol 1 Energy 
input_289.sol 2 SomeReceiver MyToken 
input_294.sol 1 MyContract 
input_300.sol 1 Abi2Test 
input_301.sol 1 MeetingCreation 
input_308.sol 1 FinalExcercise 
input_311.sol 1 MyContract 
input_312.sol 1 Map 
input_313.sol 1 WTest 
input_315.sol 1 MyContract 
input_317.sol 1 GLDToken 
input_322.sol 1 Test 
input_323.sol 1 foo 
input_330.sol 1 Flags 
input_332.sol 1 MyToken 
input_335.sol 1 Manager 
input_341.sol 1 MyContract 
input_347.sol 1 Vote 
input_348.sol 1 LevelUp 
input_349.sol 1 PickWinner 
input_352.sol 2 SafeMathTest2 SafeMathTest 
input_353.sol 1 exampleContract 
input_354.sol 1 Factory 
input_357.sol 1 DEXTransferCoinUserToUser 
input_358.sol 1 Cloth 
input_359.sol 1 TimestampTest 
input_366.sol 1 Category 
input_367.sol 1 FooResolver 
input_369.sol 1 TestCoin 
input_370.sol 1 NebCrewFactory 
input_372.sol 1 C 
input_374.sol 1 YourContract 
input_378.sol 2 Parent Child 
input_380.sol 1 YourToken 
input_381.sol 3 A C B 
input_383.sol 1 MyToken 
input_386.sol 1 MyContract 
input_390.sol 1 Test 
input_392.sol 1 A 
input_396.sol 1 Mycontract 
input_402.sol 1 MyContract 
input_409.sol 1 Greeter 
input_411.sol 1 MyContract 
input_414.sol 1 StudentVotes 
input_417.sol 1 EightFoundingFathers 
input_419.sol 1 ContractB 
input_420.sol 1 MultiToken 
input_427.sol 1 MyVault 
input_430.sol 1 sendMonetSolidity 
input_431.sol 1 MyNFTContract 
input_435.sol 1 lotteryProject 
input_438.sol 1 MappingInFunction 
input_443.sol 1 RemoveByIndex 
input_445.sol 1 ContractA 
input_446.sol 1 MyContract 
input_447.sol 1 MyContract 
input_452.sol 1 arr 
input_453.sol 1 MyContract 
input_458.sol 1 TestERC20 
input_463.sol 1 StorageFactory 
input_467.sol 1 EtherUnits 
input_469.sol 1 FreezableToken 
input_470.sol 1 Test 
input_473.sol 1 Lottery 
input_477.sol 2 Target Caller 
input_483.sol 1 Interact 
input_486.sol 1 MyContract 
input_491.sol 1 MyContract 
input_501.sol 2 A B 
input_505.sol 1 MyContract 
input_507.sol 2 Receiver Sender 
input_510.sol 1 AnotherContract 
input_513.sol 1 ERC1155 
input_515.sol 2 A B 
input_521.sol 1 Dogs 
input_524.sol 1 Ballot 
input_527.sol 1 TicketBooking 
input_548.sol 1 Test 
input_550.sol 1 MyCollection 
input_552.sol 1 MyContract 
input_558.sol 1 MappingsC 
input_559.sol 1 MyContract 
input_560.sol 1 Greeter 
input_561.sol 2 TTKN SafeMath 
input_565.sol 1 Day4 
input_573.sol 2 TargetContract SourceContract 
input_574.sol 1 GameToken 
input_575.sol 1 Mytoken 
input_578.sol 1 Poll 
input_580.sol 1 Pool 
input_581.sol 1 APIConsumer 
input_584.sol 1 MyContract 
input_586.sol 1 Evolution 
input_589.sol 1 test 
input_592.sol 1 Random 
input_593.sol 1 Testing 
input_600.sol 1 Crowdsale 
input_601.sol 2 ezeynftFactory ezeNFT 
input_611.sol 1 NFT 
input_612.sol 1 Prng 
input_620.sol 1 MyContract 
input_622.sol 1 Test 
input_633.sol 1 Attacker 
input_638.sol 1 MyContract 
input_639.sol 1 ConcertTicketReservationFactory 
input_641.sol 2 Attack GuessTheNewNumberChallenge 
input_642.sol 1 ERC20FixedSupply 
input_644.sol 1 Logger 
input_648.sol 7 Vehicle Motorbike Parent Car MyContract Child2 Child 
input_653.sol 1 MyCollection 
input_658.sol 1 MyContract 
input_659.sol 1 A 
input_660.sol 1 Prontuario 
input_668.sol 1 B 
input_672.sol 1 Practice 
input_679.sol 1 SimpleContract 
input_681.sol 1 balance 
input_683.sol 1 Test 
input_684.sol 1 B 
input_686.sol 1 Escrow 
input_696.sol 1 Example 
input_702.sol 1 MyCollection 
input_703.sol 1 Lottery 
input_704.sol 1 t2 
input_705.sol 1 ElectronicVotingMachine 
input_708.sol 1 MyContract 
input_711.sol 1 CoolSchool 
input_713.sol 1 Ballot 
input_720.sol 4 GameItem Parent2 Child Parent1 
input_729.sol 1 Demo 
input_730.sol 1 MyContract 
input_731.sol 2 Contract2 Contract1 
input_733.sol 1 TinybarsDemo 
input_735.sol 1 Test 
input_737.sol 1 Calculate 
input_743.sol 1 UniswapV2Pair 
input_745.sol 1 MyContract 
input_746.sol 2 ContractB ContractA 
input_747.sol 1 Answer 
input_749.sol 1 MyContract 
input_750.sol 2 MyContract MyAbstractContract 
input_751.sol 1 MyContract 
input_756.sol 1 Test 
input_757.sol 2 Foo Bar 
input_760.sol 3 Master CallerOne CallerTwo 
input_762.sol 1 MyToken 
input_765.sol 2 MyContract MyChildContract 
input_766.sol 2 Debugging2 Debugging 
input_769.sol 1 Challenge0 
input_772.sol 1 MyContract 
input_773.sol 2 MainContract ContractInherits 
input_775.sol 1 Structing 
input_776.sol 2 A B 
input_780.sol 1 FallbackContract 
input_781.sol 1 TrainingResults 
input_782.sol 1 MyContract 
input_784.sol 1 MyContract 
input_786.sol 2 Hello World 
input_789.sol 1 Adoption 
input_792.sol 1 PiggyBank 
input_795.sol 2 receiverContract senderContract 
input_797.sol 1 ToDoList 
input_798.sol 1 BNB 
input_799.sol 1 MyContract 
input_800.sol 1 NFT 
input_801.sol 2 Chainlink DummyContract 
input_808.sol 1 MyContract 
input_809.sol 1 Example 
input_810.sol 1 MyContract 
input_825.sol 1 MyContract 
input_826.sol 1 MyContract 
input_827.sol 2 Factory Target 
input_829.sol 1 lottery 
input_830.sol 1 and 
input_832.sol 1 Test 
input_837.sol 3 UpgradebleTestParent Initializable UpgradebleTestMain 
input_839.sol 3 MyContract Ownable Vault 
input_842.sol 1 ERC721Burnable 
input_843.sol 1 StringConcatation 
input_847.sol 2 Elector Main 
input_848.sol 1 MyContract 
input_852.sol 1 TestContract 
input_856.sol 1 MyContract 
input_857.sol 1 Counter 
input_862.sol 1 Exchange 
input_864.sol 1 Array 
input_868.sol 1 Storage 
input_869.sol 1 ClaimWithSignature 
input_871.sol 1 GToken 
input_872.sol 1 ContractName 
input_880.sol 1 SimpleStorage 
input_887.sol 1 FundMe 
input_888.sol 1 VANET 
input_892.sol 1 MyCollection 
input_895.sol 1 ElectionFactory 
input_901.sol 2 CasinoContract LotteryContract 
input_910.sol 1 Structure 
input_911.sol 1 Auction 
input_917.sol 1 NFT_Price_Agreement 
input_918.sol 1 ContractA 
input_927.sol 1 Target 
input_929.sol 1 Withdraw 
input_933.sol 1 Generator 
input_936.sol 1 MuC 
input_937.sol 1 MyContract 
input_940.sol 1 Users 
input_945.sol 1 WDfromContractOwner 
input_951.sol 1 MyContract 
input_952.sol 1 MyContract 
input_958.sol 1 UniswapV2Pair 
input_960.sol 1 ERC165 
input_967.sol 2 A B 
input_968.sol 1 BetToken 
input_976.sol 1 PAY 
input_978.sol 1 Scrath 
input_980.sol 1 MyContract 
input_985.sol 1 FamCash 
input_987.sol 2 A B 
input_991.sol 1 GistPin 
input_995.sol 1 Marketplace 
input_996.sol 1 MyContract 
input_997.sol 1 Hospital 
input_998.sol 1 NestedMapping 
input_1000.sol 1 TokenTransfer 
input_1004.sol 1 Steezy 
input_1005.sol 1 dynamic_array 
input_1007.sol 1 test 
input_1008.sol 1 Counter 
