input_5.sol 1 mappingName 
input_6.sol 1 pushelement 
input_11.sol 1 createCollectible 
input_14.sol 4 showWinner getMoney random selectWinner 
input_15.sol 1 addInfo 
input_16.sol 1 convertFromTronInt 
input_23.sol 1 mint 
input_24.sol 1 setServiceFees 
input_25.sol 2 multiply add 
input_33.sol 1 mintWhitelist 
input_35.sol 1 getStudentInfo 
input_41.sol 1 go 
input_44.sol 1 addExperience 
input_46.sol 1 withdraw 
input_47.sol 1 CreateEvent 
input_51.sol 1 foo 
input_53.sol 1 _isApprovedOrOwner 
input_61.sol 1 get 
input_66.sol 1 swapExactETHForTokens 
input_67.sol 1 transferEther 
input_69.sol 1 swapExactETHForTokens 
input_72.sol 1 addStudentDetails 
input_76.sol 1 returnValues 
input_78.sol 1 addXtoAccName 
input_81.sol 1 PubtoAddr 
input_83.sol 1 log 
input_85.sol 1 example 
input_86.sol 1 AcceptPayment 
input_87.sol 1 createSimpleStorageContract 
input_88.sol 1 isNumberValid 
input_91.sol 1 nth 
input_95.sol 2 updateStructA updateStructB 
input_96.sol 1 store 
input_98.sol 2 compareString removeEmail 
input_102.sol 1 setRemPublic 
input_107.sol 2 invest send_ETH 
input_114.sol 1 _beforeTokenTransfer 
input_119.sol 1 getSigner 
input_122.sol 1 setStudentRecords 
input_125.sol 1 callAnotherContract 
input_127.sol 1 createNFT 
input_128.sol 1 test_storage 
input_132.sol 1 getNftTokenHolder 
input_135.sol 1 callMint 
input_136.sol 1 except 
input_138.sol 1 expand 
input_139.sol 1 setCost 
input_141.sol 1 marketing 
input_142.sol 1 setListingPrice 
input_146.sol 1 withdrawDonations 
input_149.sol 1 totalSupply 
input_155.sol 1 getOwnerByIndex 
input_163.sol 1 foo 
input_166.sol 2 setOwnership set_data 
input_167.sol 1 getMessage 
input_168.sol 2 withdraw setOwner 
input_171.sol 1 setGreetings 
input_174.sol 2 getOrAddWalletScore getAllScores 
input_177.sol 1 setkturia 
input_179.sol 1 setUser 
input_184.sol 1 getUnitSum 
input_185.sol 2 onTransferReceived decode 
input_186.sol 1 random 
input_192.sol 1 getScoreDifference 
input_197.sol 1 onERC721Received 
input_204.sol 1 claim 
input_207.sol 1 transferNFTtoNewOwner 
input_209.sol 5 removeLiquidityETHWithPermitSupportingFeeOnTransferTokens swapExactETHForTokensSupportingFeeOnTransferTokens removeLiquidityETHSupportingFeeOnTransferTokens swapExactTokensForETHSupportingFeeOnTransferTokens swapExactTokensForTokensSupportingFeeOnTransferTokens 
input_214.sol 1 verifyMessage 
input_218.sol 1 getContractOwner 
input_223.sol 1 castVote 
input_226.sol 1 addRecord 
input_228.sol 2 registerAsset setAssetPrice 
input_229.sol 1 stakeTokens 
input_231.sol 1 addElements 
input_232.sol 1 withdraw 
input_234.sol 2 generatePoints _generateXPoints 
input_240.sol 2 generateRandomNumber fulfillRandomness 
input_246.sol 1 payment 
input_247.sol 1 returnStaked 
input_248.sol 1 changeAuctionEndTime 
input_249.sol 1 addLiquidity 
input_257.sol 2 transfer balanceOf 
input_258.sol 1 changeMap 
input_263.sol 1 getPlayers 
input_265.sol 1 sfStore 
input_267.sol 2 setPoint getPoint 
input_270.sol 1 onERC721received 
input_271.sol 1 getNumber 
input_281.sol 1 swapTokensForEth 
input_286.sol 1 fulfillRandomWords 
input_290.sol 1 withdrawalTokens 
input_291.sol 1 getPower 
input_292.sol 1 _transfer 
input_296.sol 1 GetBetTitle 
input_299.sol 1 approve 
input_304.sol 1 deposit 
input_306.sol 1 setRandomNumberGenerator 
input_309.sol 1 callwithdraw 
input_310.sol 1 doesSomethingWithArray 
input_314.sol 1 setInfo 
input_316.sol 1 setAllowedTokensData 
input_319.sol 1 bookroom 
input_321.sol 3 _createReward createCampaign createReward 
input_324.sol 1 send 
input_326.sol 2 getUserBalance getContractBalance 
input_327.sol 1 main 
input_328.sol 1 withdrawFunds 
input_334.sol 1 getMoneyFromManager 
input_336.sol 1 safeApprove 
input_338.sol 2 entryPoint utilityFunction 
input_339.sol 1 createCampaign 
input_342.sol 1 stoler 
input_344.sol 1 swapExactTokensForTokens 
input_351.sol 1 test 
input_355.sol 1 giveResaleApproval 
input_361.sol 1 transfer 
input_371.sol 2 getGreetings foo 
input_373.sol 2 participate main 
input_375.sol 3 AddFamily addPerson GetFamilies 
input_376.sol 2 showname changname 
input_382.sol 2 foo fooYul 
input_393.sol 1 getOngoingSales 
input_394.sol 1 mint 
input_398.sol 1 issue 
input_401.sol 1 isArrayEven 
input_405.sol 1 step 
input_406.sol 3 withdraw withdrawV2 deposit 
input_407.sol 1 _burn 
input_413.sol 1 setVal 
input_415.sol 1 SeeBalance 
input_416.sol 4 withdraw depositeTimeSet withdrawalTimeSet deposite 
input_418.sol 2 sendToken retireMyCoins 
input_421.sol 1 writeOutput 
input_422.sol 2 arr foo 
input_423.sol 2 _getCount getdrugs 
input_424.sol 1 getCandidateInfo 
input_429.sol 1 _transfer 
input_439.sol 1 readAllTask 
input_444.sol 3 numberOfParticipents currentLevel letsdo 
input_451.sol 1 setStorageValue 
input_454.sol 1 registerAsset 
input_455.sol 1 shuffle 
input_457.sol 1 foo 
input_465.sol 1 initiateTransaction 
input_468.sol 1 swap 
input_471.sol 1 setIsPublicMintEnabled 
input_474.sol 2 getUserHasNFTCard checkIfUserHasNFTCard 
input_476.sol 1 getAllData 
input_478.sol 3 ownerbalancearr transfer1 recieverbalancearr 
input_482.sol 2 saveWalletData consultarWallet 
input_484.sol 1 stakeTokens 
input_485.sol 1 mint 
input_487.sol 1 addStaker 
input_492.sol 1 checkInventory 
input_493.sol 2 getRecordByAddressStruct getRecordByAddressMap 
input_494.sol 1 subscribe 
input_496.sol 1 buy 
input_499.sol 1 isPrimeNumber 
input_504.sol 1 store 
input_508.sol 1 slice 
input_509.sol 3 ops register test_ 
input_511.sol 3 redeem issue totalSupply 
input_514.sol 1 withdraw 
input_517.sol 1 withdraw 
input_518.sol 1 addProduct 
input_519.sol 1 createZombie 
input_531.sol 1 plus 
input_533.sol 1 expand 
input_534.sol 1 INITIAL_SUPPLY 
input_535.sol 1 addKhatianFromOld 
input_537.sol 1 initialize 
input_540.sol 1 claimFreeToken 
input_541.sol 1 reverseArray 
input_542.sol 2 addEntrociter vote 
input_543.sol 1 foo 
input_545.sol 1 stake 
input_546.sol 1 greet 
input_547.sol 1 stake 
input_549.sol 1 mintNftTwo 
input_554.sol 2 withdraw mint 
input_563.sol 1 _setApprovalForAll 
input_564.sol 2 safeTransferFrom transferFrom 
input_569.sol 1 get_last_tokenID 
input_572.sol 1 swapExactTokensForTokensSupportingFeeOnTransferTokens 
input_590.sol 1 setMonthlySalary 
input_591.sol 1 div128x128 
input_595.sol 2 set get 
input_596.sol 1 betLottery 
input_599.sol 1 retrieve 
input_603.sol 1 pay 
input_604.sol 2 _transfer _runSwapAndLiquidity 
input_606.sol 1 printAddresses 
input_608.sol 1 pay 
input_610.sol 1 mint 
input_613.sol 2 setCurrentBid setCurrentAsk 
input_619.sol 2 _exists ownerOf 
input_621.sol 1 uri 
input_623.sol 1 timestampToDateTime 
input_625.sol 1 addrToENS 
input_627.sol 1 _beforeTokenTransfer 
input_630.sol 1 transferFrom 
input_632.sol 2 allowance approve 
input_636.sol 1 Ownable 
input_637.sol 1 buyTokens 
input_640.sol 1 stake 
input_645.sol 2 balanceOf claim 
input_647.sol 1 addToVIP 
input_650.sol 1 placeBet 
input_651.sol 2 _approve _transfer 
input_652.sol 1 reclaimOwnership 
input_657.sol 2 _commonFunction getIndex 
input_661.sol 1 getAll 
input_662.sol 2 rebase balanceOf 
input_665.sol 1 myFunction 
input_669.sol 5 mul mod sub add div 
input_670.sol 1 mint 
input_671.sol 1 onTransferReceived 
input_674.sol 1 getUser 
input_682.sol 2 transfer transferFrom 
input_687.sol 1 donate 
input_688.sol 1 getStrings 
input_691.sol 2 pickWinner enter 
input_693.sol 2 show_opened_tasks add_task 
input_694.sol 1 send_usdt 
input_697.sol 1 slice 
input_699.sol 1 divisionRoundUp 
input_700.sol 1 withdraw 
input_701.sol 1 createUser 
input_709.sol 2 startGame getGameInfo 
input_717.sol 1 func 
input_725.sol 1 store 
input_728.sol 1 getStr2 
input_736.sol 1 recoverContribution 
input_740.sol 2 updatePost notUpdatePost 
input_742.sol 1 _setHighestBid 
input_744.sol 2 withdraw _baseURI 
input_748.sol 1 setInstructor 
input_753.sol 1 getAllBools 
input_758.sol 1 details 
input_764.sol 1 invest 
input_768.sol 3 updateOwner transferOwnership renounceOwnership 
input_774.sol 2 getBalance transferEther 
input_779.sol 1 getMessageHash 
input_783.sol 1 burn 
input_785.sol 1 crossmint 
input_787.sol 1 bookroom1 
input_788.sol 1 tokenFallback 
input_790.sol 1 returnStuff 
input_793.sol 1 getData 
input_794.sol 1 decrementAnimal 
input_804.sol 1 whiteLister 
input_811.sol 1 getPayout 
input_812.sol 2 addVoter vote 
input_813.sol 1 transferOwnership 
input_814.sol 1 declareWinner 
input_815.sol 1 distributeTokensToTeam 
input_818.sol 1 doSomething 
input_820.sol 1 setCounter 
input_823.sol 2 bytes32ToString convert 
input_824.sol 1 reduce 
input_834.sol 1 withdraw 
input_836.sol 1 _transfer 
input_840.sol 1 bytesToAddress 
input_844.sol 1 purchaseCard 
input_846.sol 1 MY_CONSTANT 
input_854.sol 1 isContract 
input_855.sol 2 updateAddresses splitPayment 
input_858.sol 1 triggerNFTWithdrawalToAddress 
input_867.sol 1 depositMoneyToAdmin 
input_870.sol 1 getUniverseArray 
input_873.sol 2 smth isTimePassed 
input_874.sol 1 changeOwnership 
input_875.sol 3 mintToken _transfer transferOwnership 
input_878.sol 1 getList 
input_879.sol 2 exists1 push1 
input_882.sol 1 getWRequest 
input_889.sol 1 getInfo 
input_890.sol 1 setData 
input_893.sol 1 createSubDAO 
input_899.sol 1 isBitSet 
input_900.sol 1 seeSlot 
input_902.sol 1 getCount 
input_908.sol 1 withdraw 
input_909.sol 1 remove 
input_912.sol 1 sendEther 
input_914.sol 1 safeMint 
input_916.sol 1 test 
input_921.sol 1 sendViaCall 
input_922.sol 1 getEntranceFee 
input_924.sol 1 getPrice 
input_928.sol 1 testFunction 
input_930.sol 1 getCardsByOwner 
input_932.sol 2 mint mintInternal 
input_934.sol 1 setName 
input_935.sol 1 funFind 
input_939.sol 1 payRequest 
input_941.sol 1 addFunds 
input_944.sol 6 getBikes greet setGreeting deposit changeAvailability App1 
input_954.sol 3 dissociate associate dissociateToken 
input_957.sol 1 getRequests 
input_962.sol 1 foo 
input_963.sol 1 transfer 
input_969.sol 1 tokenURIExists 
input_972.sol 1 delegatedGreeting 
input_974.sol 1 getPair 
input_983.sol 2 transferFrom deposit 
input_984.sol 1 _afterTokenTransfer 
input_986.sol 1 getIndex 
input_989.sol 1 changeVote 
input_990.sol 1 getToken 
input_1002.sol 4 getMovieRating getList rateMovie addMovie 
input_1010.sol 1 transfer 
