共计863个 output 合约数量是大于863的

有操作码的 622个 + 197
//初步过滤没有合约的是197个

//cfg 构建失败的 75个
再次没有合约的是 59个
合约名字重复的 233 个


优化重复之后 共计有操作码的数量622个

共计 724 个




UEC 未检测的返回值 UECnum >>>>>>>>>>>>>>>>>>>>>>>> 24
tx.orgin  ORI_num >>>>>>>>>>>>>>>>>>>>>>>> 2

未保护的selfdestruct 指令 SLF_num>>>>>>>>>>>>>>>>>>>>>>>> 4 没有selfdesturct 也会有指令



bid 块信息依赖    BID_num>>>>>>>>>>>>>>>>>>>>>>>> 99
Hard Code Address HCA_num>>>>>>>>>>>>>>>>>>>>>>>> 3 ? 要不要检测校验和

    不检测 校验和    258 : HCA detetced
                    687 : HCA detetced
                    755 : HCA detetced
    
    检测  校验和     

Strict Balance Equality  SBE_num>>>>>>>>>>>>>>>>>>>>>>>> 0 输出了所有又selfbalance的合约 没有检测到


NC NC_num>>>>>>>>>>>>>>>>>>>>>>>> 6 FP

DOS 数组长度如何识别

fuzzing 


ast
多版本选择
代码 heavy


Greeter_
ERC20..














符号化之后执行结果


UEC_num>>>>>>>>>>>>>>>>>>>>>>>> 24
ORI_num>>>>>>>>>>>>>>>>>>>>>>>> 2 漏的 路径问题
SLF_num>>>>>>>>>>>>>>>>>>>>>>>> 4 
BID_num>>>>>>>>>>>>>>>>>>>>>>>> 2 考虑其他边界条件 漏的
HCA_num>>>>>>>>>>>>>>>>>>>>>>>> 3 这个没问题
IOF_num>>>>>>>>>>>>>>>>>>>>>>>> 188
IUF_num>>>>>>>>>>>>>>>>>>>>>>>> 135
SBE_num>>>>>>>>>>>>>>>>>>>>>>>> 0 
NC_num>>>>>>>>>>>>>>>>>>>>>>>> 0

后续继续优化