function log not find contract14
function log not find contract23
function log not find contract33
function log not find contract41
function log not find contract66
function log not find contract69
function log not find contract76
function log not find contract81
function log not find contract83
function log not find contract86
function log not find contract88
function log not find contract91
function log not find contract98
function log not find contract102
function log not find contract119
function log not find contract139
function log not find contract142
function log not find contract146
function log not find contract167
function log not find contract179
function log not find contract184
function log not find contract185
function log not find contract204
function log not find contract209
function log not find contract214
function log not find contract226
function log not find contract229
function log not find contract232
function log not find contract240
function log not find contract247
function log not find contract249
function log not find contract257
function log not find contract263
function log not find contract271
function log not find contract281
function log not find contract286
function log not find contract299
function log not find contract304
function log not find contract306
function log not find contract309
function log not find contract310
function log not find contract314
function log not find contract334
function log not find contract342
function log not find contract344
function log not find contract351
function log not find contract373
function log not find contract375
function log not find contract376
function log not find contract398
function log not find contract407
function log not find contract416
function log not find contract422
function log not find contract424
function log not find contract444
function log not find contract457
function log not find contract468
function log not find contract474
function log not find contract476
function log not find contract478
function log not find contract484
function log not find contract492
function log not find contract509
function log not find contract517
function log not find contract519
function log not find contract535
function log not find contract537
function log not find contract543
function log not find contract549
function log not find contract554
function log not find contract563
function log not find contract564
function log not find contract569
function log not find contract590
function log not find contract591
function log not find contract596
function log not find contract599
function log not find contract604
function log not find contract619
function log not find contract625
function log not find contract637
function log not find contract645
function log not find contract647
function log not find contract651
function log not find contract669
function log not find contract670
function log not find contract671
function log not find contract691
function log not find contract697
function log not find contract700
function log not find contract709
function log not find contract768
function log not find contract774
function log not find contract779
function log not find contract783
function log not find contract785
function log not find contract787
function log not find contract811
function log not find contract836
function log not find contract870
function log not find contract875
function log not find contract909
function log not find contract914
function log not find contract928
function log not find contract930
function log not find contract944
function log not find contract954
function log not find contract962
function log not find contract969
function log not find contract983
function log not find contract990
function log not find contract1002
function log not find contract1010
record log not find contract2
record log not find contract3
record log not find contract10
record log not find contract31
record log not find contract34
record log not find contract52
record log not find contract68
record log not find contract79
record log not find contract82
record log not find contract103
record log not find contract143
record log not find contract148
record log not find contract150
record log not find contract157
record log not find contract161
record log not find contract181
record log not find contract183
record log not find contract201
record log not find contract217
record log not find contract224
record log not find contract237
record log not find contract251
record log not find contract254
record log not find contract275
record log not find contract277
record log not find contract279
record log not find contract293
record log not find contract318
record log not find contract333
record log not find contract337
record log not find contract345
record log not find contract363
record log not find contract389
record log not find contract397
record log not find contract410
record log not find contract426
record log not find contract436
record log not find contract449
record log not find contract460
record log not find contract479
record log not find contract480
record log not find contract488
record log not find contract502
record log not find contract506
record log not find contract538
record log not find contract551
record log not find contract562
record log not find contract567
record log not find contract568
record log not find contract594
record log not find contract598
record log not find contract609
record log not find contract646
record log not find contract656
record log not find contract663
record log not find contract716
record log not find contract723
record log not find contract732
record log not find contract739
record log not find contract741
record log not find contract759
record log not find contract778
record log not find contract791
record log not find contract802
record log not find contract803
record log not find contract806
record log not find contract819
record log not find contract841
record log not find contract860
record log not find contract861
record log not find contract863
record log not find contract877
record log not find contract896
record log not find contract907
record log not find contract925
record log not find contract946
record log not find contract947
record log not find contract949
record log not find contract955
record log not find contract966
record log not find contract999
record log not find contract1001
record log not find contract1003
record log not find contract1012
INFEASIBLE PATH DETECTED
INFEASIBLE PATH DETECTED
INFEASIBLE PATH DETECTED
build cfg error write() argument must be str, not TypeErrorBank
INFEASIBLE PATH DETECTED
INFEASIBLE PATH DETECTED
build cfg error write() argument must be str, not TypeErrorSender
INFEASIBLE PATH DETECTED
INFEASIBLE PATH DETECTED
INFEASIBLE PATH DETECTED
INFEASIBLE PATH DETECTED
INFEASIBLE PATH DETECTED
INFEASIBLE PATH DETECTED
no contract in output_43.sol
INFEASIBLE PATH DETECTED
INFEASIBLE PATH DETECTED
INFEASIBLE PATH DETECTED
INFEASIBLE PATH DETECTED
INFEASIBLE PATH DETECTED
INFEASIBLE PATH DETECTED
INFEASIBLE PATH DETECTED
INFEASIBLE PATH DETECTED
build cfg error write() argument must be str, not TypeErrorMarketplace
no contract in output_63.sol
INFEASIBLE PATH DETECTED
INFEASIBLE PATH DETECTED
INFEASIBLE PATH DETECTED
INFEASIBLE PATH DETECTED
INFEASIBLE PATH DETECTED
INFEASIBLE PATH DETECTED
no contract in output_75.sol
INFEASIBLE PATH DETECTED
INFEASIBLE PATH DETECTED
no contract in output_90.sol
build cfg error list index out of rangeContext
INFEASIBLE PATH DETECTED
INFEASIBLE PATH DETECTED
no contract in output_108.sol
INFEASIBLE PATH DETECTED
INFEASIBLE PATH DETECTED
build cfg error write() argument must be str, not TypeErrora
INFEASIBLE PATH DETECTED
INFEASIBLE PATH DETECTED
build cfg error write() argument must be str, not TypeErrorb
INFEASIBLE PATH DETECTED
INFEASIBLE PATH DETECTED
INFEASIBLE PATH DETECTED
INFEASIBLE PATH DETECTED
INFEASIBLE PATH DETECTED
INFEASIBLE PATH DETECTED
INFEASIBLE PATH DETECTED
INFEASIBLE PATH DETECTED
INFEASIBLE PATH DETECTED
INFEASIBLE PATH DETECTED
INFEASIBLE PATH DETECTED
INFEASIBLE PATH DETECTED
INFEASIBLE PATH DETECTED
INFEASIBLE PATH DETECTED
INFEASIBLE PATH DETECTED
INFEASIBLE PATH DETECTED
INFEASIBLE PATH DETECTED
INFEASIBLE PATH DETECTED
INFEASIBLE PATH DETECTED
INFEASIBLE PATH DETECTED
INFEASIBLE PATH DETECTED
INFEASIBLE PATH DETECTED
INFEASIBLE PATH DETECTED
INFEASIBLE PATH DETECTED
INFEASIBLE PATH DETECTED
INFEASIBLE PATH DETECTED
INFEASIBLE PATH DETECTED
INFEASIBLE PATH DETECTED
INFEASIBLE PATH DETECTED
INFEASIBLE PATH DETECTED
INFEASIBLE PATH DETECTED
INFEASIBLE PATH DETECTED
INFEASIBLE PATH DETECTED
INFEASIBLE PATH DETECTED
INFEASIBLE PATH DETECTED
INFEASIBLE PATH DETECTED
INFEASIBLE PATH DETECTED
INFEASIBLE PATH DETECTED
INFEASIBLE PATH DETECTED
INFEASIBLE PATH DETECTED
INFEASIBLE PATH DETECTED
INFEASIBLE PATH DETECTED
INFEASIBLE PATH DETECTED
INFEASIBLE PATH DETECTED
INFEASIBLE PATH DETECTED
INFEASIBLE PATH DETECTED
no contract in output_164.sol
INFEASIBLE PATH DETECTED
INFEASIBLE PATH DETECTED
INFEASIBLE PATH DETECTED
INFEASIBLE PATH DETECTED
INFEASIBLE PATH DETECTED
INFEASIBLE PATH DETECTED
INFEASIBLE PATH DETECTED
INFEASIBLE PATH DETECTED
INFEASIBLE PATH DETECTED
INFEASIBLE PATH DETECTED
INFEASIBLE PATH DETECTED
INFEASIBLE PATH DETECTED
INFEASIBLE PATH DETECTED
INFEASIBLE PATH DETECTED
INFEASIBLE PATH DETECTED
INFEASIBLE PATH DETECTED
INFEASIBLE PATH DETECTED
INFEASIBLE PATH DETECTED
INFEASIBLE PATH DETECTED
INFEASIBLE PATH DETECTED
INFEASIBLE PATH DETECTED
INFEASIBLE PATH DETECTED
INFEASIBLE PATH DETECTED
INFEASIBLE PATH DETECTED
INFEASIBLE PATH DETECTED
INFEASIBLE PATH DETECTED
INFEASIBLE PATH DETECTED
INFEASIBLE PATH DETECTED
INFEASIBLE PATH DETECTED
INFEASIBLE PATH DETECTED
INFEASIBLE PATH DETECTED
INFEASIBLE PATH DETECTED
INFEASIBLE PATH DETECTED
INFEASIBLE PATH DETECTED
INFEASIBLE PATH DETECTED
INFEASIBLE PATH DETECTED
INFEASIBLE PATH DETECTED
INFEASIBLE PATH DETECTED
INFEASIBLE PATH DETECTED
INFEASIBLE PATH DETECTED
INFEASIBLE PATH DETECTED
INFEASIBLE PATH DETECTED
INFEASIBLE PATH DETECTED
INFEASIBLE PATH DETECTED
INFEASIBLE PATH DETECTED
INFEASIBLE PATH DETECTED
INFEASIBLE PATH DETECTED
INFEASIBLE PATH DETECTED
INFEASIBLE PATH DETECTED
INFEASIBLE PATH DETECTED
INFEASIBLE PATH DETECTED
INFEASIBLE PATH DETECTED
INFEASIBLE PATH DETECTED
INFEASIBLE PATH DETECTED
INFEASIBLE PATH DETECTED
INFEASIBLE PATH DETECTED
INFEASIBLE PATH DETECTED
INFEASIBLE PATH DETECTED
build cfg error list index out of rangeOwnable
INFEASIBLE PATH DETECTED
INFEASIBLE PATH DETECTED
INFEASIBLE PATH DETECTED
INFEASIBLE PATH DETECTED
INFEASIBLE PATH DETECTED
INFEASIBLE PATH DETECTED
INFEASIBLE PATH DETECTED
INFEASIBLE PATH DETECTED
INFEASIBLE PATH DETECTED
INFEASIBLE PATH DETECTED
INFEASIBLE PATH DETECTED
INFEASIBLE PATH DETECTED
build cfg error can only concatenate str (not "float") to strCWC
INFEASIBLE PATH DETECTED
INFEASIBLE PATH DETECTED
INFEASIBLE PATH DETECTED
INFEASIBLE PATH DETECTED
INFEASIBLE PATH DETECTED
INFEASIBLE PATH DETECTED
INFEASIBLE PATH DETECTED
INFEASIBLE PATH DETECTED
INFEASIBLE PATH DETECTED
INFEASIBLE PATH DETECTED
build cfg error int() can't convert non-string with explicit baseCalled
no contract in output_236.sol
INFEASIBLE PATH DETECTED
INFEASIBLE PATH DETECTED
INFEASIBLE PATH DETECTED
INFEASIBLE PATH DETECTED
build cfg error list index out of rangefulfillOracleRequest2
INFEASIBLE PATH DETECTED
INFEASIBLE PATH DETECTED
INFEASIBLE PATH DETECTED
INFEASIBLE PATH DETECTED
INFEASIBLE PATH DETECTED
INFEASIBLE PATH DETECTED
INFEASIBLE PATH DETECTED
INFEASIBLE PATH DETECTED
no contract in output_256.sol
INFEASIBLE PATH DETECTED
INFEASIBLE PATH DETECTED
INFEASIBLE PATH DETECTED
INFEASIBLE PATH DETECTED
build cfg error b'parser error'Test5
INFEASIBLE PATH DETECTED
INFEASIBLE PATH DETECTED
INFEASIBLE PATH DETECTED
INFEASIBLE PATH DETECTED
INFEASIBLE PATH DETECTED
INFEASIBLE PATH DETECTED
INFEASIBLE PATH DETECTED
INFEASIBLE PATH DETECTED
INFEASIBLE PATH DETECTED
INFEASIBLE PATH DETECTED
INFEASIBLE PATH DETECTED
INFEASIBLE PATH DETECTED
INFEASIBLE PATH DETECTED
INFEASIBLE PATH DETECTED
INFEASIBLE PATH DETECTED
INFEASIBLE PATH DETECTED
INFEASIBLE PATH DETECTED
INFEASIBLE PATH DETECTED
INFEASIBLE PATH DETECTED
INFEASIBLE PATH DETECTED
INFEASIBLE PATH DETECTED
INFEASIBLE PATH DETECTED
INFEASIBLE PATH DETECTED
INFEASIBLE PATH DETECTED
no contract in output_278.sol
no contract in output_282.sol
INFEASIBLE PATH DETECTED
INFEASIBLE PATH DETECTED
INFEASIBLE PATH DETECTED
INFEASIBLE PATH DETECTED
INFEASIBLE PATH DETECTED
INFEASIBLE PATH DETECTED
INFEASIBLE PATH DETECTED
INFEASIBLE PATH DETECTED
no contract in output_287.sol
INFEASIBLE PATH DETECTED
INFEASIBLE PATH DETECTED
INFEASIBLE PATH DETECTED
INFEASIBLE PATH DETECTED
INFEASIBLE PATH DETECTED
INFEASIBLE PATH DETECTED
INFEASIBLE PATH DETECTED
INFEASIBLE PATH DETECTED
INFEASIBLE PATH DETECTED
INFEASIBLE PATH DETECTED
INFEASIBLE PATH DETECTED
INFEASIBLE PATH DETECTED
INFEASIBLE PATH DETECTED
INFEASIBLE PATH DETECTED
INFEASIBLE PATH DETECTED
INFEASIBLE PATH DETECTED
INFEASIBLE PATH DETECTED
INFEASIBLE PATH DETECTED
INFEASIBLE PATH DETECTED
INFEASIBLE PATH DETECTED
INFEASIBLE PATH DETECTED
INFEASIBLE PATH DETECTED
INFEASIBLE PATH DETECTED
INFEASIBLE PATH DETECTED
no contract in output_313.sol
INFEASIBLE PATH DETECTED
INFEASIBLE PATH DETECTED
build cfg error First or second argument must be a Z3 bit-vector expressionMyContract210
no contract in output_317.sol
INFEASIBLE PATH DETECTED
INFEASIBLE PATH DETECTED
INFEASIBLE PATH DETECTED
INFEASIBLE PATH DETECTED
INFEASIBLE PATH DETECTED
INFEASIBLE PATH DETECTED
INFEASIBLE PATH DETECTED
INFEASIBLE PATH DETECTED
INFEASIBLE PATH DETECTED
INFEASIBLE PATH DETECTED
INFEASIBLE PATH DETECTED
INFEASIBLE PATH DETECTED
INFEASIBLE PATH DETECTED
INFEASIBLE PATH DETECTED
INFEASIBLE PATH DETECTED
INFEASIBLE PATH DETECTED
INFEASIBLE PATH DETECTED
INFEASIBLE PATH DETECTED
INFEASIBLE PATH DETECTED
INFEASIBLE PATH DETECTED
INFEASIBLE PATH DETECTED
INFEASIBLE PATH DETECTED
INFEASIBLE PATH DETECTED
INFEASIBLE PATH DETECTED
INFEASIBLE PATH DETECTED
INFEASIBLE PATH DETECTED
INFEASIBLE PATH DETECTED
INFEASIBLE PATH DETECTED
INFEASIBLE PATH DETECTED
INFEASIBLE PATH DETECTED
INFEASIBLE PATH DETECTED
INFEASIBLE PATH DETECTED
INFEASIBLE PATH DETECTED
INFEASIBLE PATH DETECTED
INFEASIBLE PATH DETECTED
INFEASIBLE PATH DETECTED
no contract in output_353.sol
no contract in output_354.sol
INFEASIBLE PATH DETECTED
INFEASIBLE PATH DETECTED
INFEASIBLE PATH DETECTED
INFEASIBLE PATH DETECTED
INFEASIBLE PATH DETECTED
INFEASIBLE PATH DETECTED
INFEASIBLE PATH DETECTED
INFEASIBLE PATH DETECTED
INFEASIBLE PATH DETECTED
INFEASIBLE PATH DETECTED
no contract in output_366.sol
INFEASIBLE PATH DETECTED
INFEASIBLE PATH DETECTED
INFEASIBLE PATH DETECTED
INFEASIBLE PATH DETECTED
no contract in output_369.sol
build cfg error list index out of rangeNewCrew
build cfg error list index out of rangeIFactory
INFEASIBLE PATH DETECTED
INFEASIBLE PATH DETECTED
INFEASIBLE PATH DETECTED
INFEASIBLE PATH DETECTED
INFEASIBLE PATH DETECTED
INFEASIBLE PATH DETECTED
INFEASIBLE PATH DETECTED
INFEASIBLE PATH DETECTED
INFEASIBLE PATH DETECTED
INFEASIBLE PATH DETECTED
INFEASIBLE PATH DETECTED
INFEASIBLE PATH DETECTED
INFEASIBLE PATH DETECTED
INFEASIBLE PATH DETECTED
INFEASIBLE PATH DETECTED
INFEASIBLE PATH DETECTED
no contract in output_380.sol
INFEASIBLE PATH DETECTED
INFEASIBLE PATH DETECTED
INFEASIBLE PATH DETECTED
INFEASIBLE PATH DETECTED
build cfg error list index out of rangeERC20
INFEASIBLE PATH DETECTED
INFEASIBLE PATH DETECTED
INFEASIBLE PATH DETECTED
INFEASIBLE PATH DETECTED
INFEASIBLE PATH DETECTED
INFEASIBLE PATH DETECTED
INFEASIBLE PATH DETECTED
INFEASIBLE PATH DETECTED
INFEASIBLE PATH DETECTED
INFEASIBLE PATH DETECTED
no contract in output_396.sol
INFEASIBLE PATH DETECTED
INFEASIBLE PATH DETECTED
INFEASIBLE PATH DETECTED
INFEASIBLE PATH DETECTED
INFEASIBLE PATH DETECTED
INFEASIBLE PATH DETECTED
INFEASIBLE PATH DETECTED
INFEASIBLE PATH DETECTED
no contract in output_411.sol
INFEASIBLE PATH DETECTED
INFEASIBLE PATH DETECTED
INFEASIBLE PATH DETECTED
INFEASIBLE PATH DETECTED
INFEASIBLE PATH DETECTED
INFEASIBLE PATH DETECTED
INFEASIBLE PATH DETECTED
INFEASIBLE PATH DETECTED
INFEASIBLE PATH DETECTED
INFEASIBLE PATH DETECTED
no contract in output_420.sol
no contract in output_427.sol
INFEASIBLE PATH DETECTED
INFEASIBLE PATH DETECTED
INFEASIBLE PATH DETECTED
INFEASIBLE PATH DETECTED
INFEASIBLE PATH DETECTED
INFEASIBLE PATH DETECTED
INFEASIBLE PATH DETECTED
INFEASIBLE PATH DETECTED
INFEASIBLE PATH DETECTED
INFEASIBLE PATH DETECTED
compile full error MappingInFunction
build cfg error b'parser error'RemoveByIndex
INFEASIBLE PATH DETECTED
INFEASIBLE PATH DETECTED
INFEASIBLE PATH DETECTED
INFEASIBLE PATH DETECTED
no contract in output_446.sol
INFEASIBLE PATH DETECTED
INFEASIBLE PATH DETECTED
INFEASIBLE PATH DETECTED
INFEASIBLE PATH DETECTED
INFEASIBLE PATH DETECTED
INFEASIBLE PATH DETECTED
INFEASIBLE PATH DETECTED
INFEASIBLE PATH DETECTED
INFEASIBLE PATH DETECTED
INFEASIBLE PATH DETECTED
INFEASIBLE PATH DETECTED
INFEASIBLE PATH DETECTED
INFEASIBLE PATH DETECTED
INFEASIBLE PATH DETECTED
INFEASIBLE PATH DETECTED
INFEASIBLE PATH DETECTED
no contract in output_463.sol
INFEASIBLE PATH DETECTED
INFEASIBLE PATH DETECTED
INFEASIBLE PATH DETECTED
INFEASIBLE PATH DETECTED
no contract in output_469.sol
INFEASIBLE PATH DETECTED
INFEASIBLE PATH DETECTED
INFEASIBLE PATH DETECTED
INFEASIBLE PATH DETECTED
INFEASIBLE PATH DETECTED
INFEASIBLE PATH DETECTED
INFEASIBLE PATH DETECTED
INFEASIBLE PATH DETECTED
INFEASIBLE PATH DETECTED
INFEASIBLE PATH DETECTED
INFEASIBLE PATH DETECTED
INFEASIBLE PATH DETECTED
INFEASIBLE PATH DETECTED
INFEASIBLE PATH DETECTED
INFEASIBLE PATH DETECTED
INFEASIBLE PATH DETECTED
no contract in output_486.sol
build cfg error b'parser error'MyContract89
INFEASIBLE PATH DETECTED
INFEASIBLE PATH DETECTED
INFEASIBLE PATH DETECTED
INFEASIBLE PATH DETECTED
INFEASIBLE PATH DETECTED
INFEASIBLE PATH DETECTED
INFEASIBLE PATH DETECTED
INFEASIBLE PATH DETECTED
INFEASIBLE PATH DETECTED
INFEASIBLE PATH DETECTED
no contract in output_510.sol
INFEASIBLE PATH DETECTED
INFEASIBLE PATH DETECTED
INFEASIBLE PATH DETECTED
INFEASIBLE PATH DETECTED
INFEASIBLE PATH DETECTED
INFEASIBLE PATH DETECTED
INFEASIBLE PATH DETECTED
INFEASIBLE PATH DETECTED
INFEASIBLE PATH DETECTED
INFEASIBLE PATH DETECTED
INFEASIBLE PATH DETECTED
INFEASIBLE PATH DETECTED
INFEASIBLE PATH DETECTED
INFEASIBLE PATH DETECTED
INFEASIBLE PATH DETECTED
INFEASIBLE PATH DETECTED
INFEASIBLE PATH DETECTED
INFEASIBLE PATH DETECTED
INFEASIBLE PATH DETECTED
INFEASIBLE PATH DETECTED
INFEASIBLE PATH DETECTED
INFEASIBLE PATH DETECTED
INFEASIBLE PATH DETECTED
INFEASIBLE PATH DETECTED
no contract in output_548.sol
no contract in output_550.sol
INFEASIBLE PATH DETECTED
INFEASIBLE PATH DETECTED
INFEASIBLE PATH DETECTED
INFEASIBLE PATH DETECTED
INFEASIBLE PATH DETECTED
INFEASIBLE PATH DETECTED
INFEASIBLE PATH DETECTED
INFEASIBLE PATH DETECTED
INFEASIBLE PATH DETECTED
INFEASIBLE PATH DETECTED
INFEASIBLE PATH DETECTED
INFEASIBLE PATH DETECTED
INFEASIBLE PATH DETECTED
INFEASIBLE PATH DETECTED
INFEASIBLE PATH DETECTED
INFEASIBLE PATH DETECTED
INFEASIBLE PATH DETECTED
INFEASIBLE PATH DETECTED
INFEASIBLE PATH DETECTED
INFEASIBLE PATH DETECTED
INFEASIBLE PATH DETECTED
INFEASIBLE PATH DETECTED
INFEASIBLE PATH DETECTED
INFEASIBLE PATH DETECTED
INFEASIBLE PATH DETECTED
INFEASIBLE PATH DETECTED
INFEASIBLE PATH DETECTED
INFEASIBLE PATH DETECTED
no contract in output_574.sol
no contract in output_575.sol
INFEASIBLE PATH DETECTED
INFEASIBLE PATH DETECTED
INFEASIBLE PATH DETECTED
INFEASIBLE PATH DETECTED
no contract in output_580.sol
no contract in output_581.sol
INFEASIBLE PATH DETECTED
INFEASIBLE PATH DETECTED
INFEASIBLE PATH DETECTED
INFEASIBLE PATH DETECTED
no contract in output_586.sol
build cfg error b'parser error'test6
INFEASIBLE PATH DETECTED
INFEASIBLE PATH DETECTED
INFEASIBLE PATH DETECTED
INFEASIBLE PATH DETECTED
INFEASIBLE PATH DETECTED
INFEASIBLE PATH DETECTED
INFEASIBLE PATH DETECTED
INFEASIBLE PATH DETECTED
INFEASIBLE PATH DETECTED
INFEASIBLE PATH DETECTED
INFEASIBLE PATH DETECTED
INFEASIBLE PATH DETECTED
no contract in output_611.sol
INFEASIBLE PATH DETECTED
INFEASIBLE PATH DETECTED
INFEASIBLE PATH DETECTED
INFEASIBLE PATH DETECTED
INFEASIBLE PATH DETECTED
INFEASIBLE PATH DETECTED
INFEASIBLE PATH DETECTED
INFEASIBLE PATH DETECTED
INFEASIBLE PATH DETECTED
INFEASIBLE PATH DETECTED
INFEASIBLE PATH DETECTED
INFEASIBLE PATH DETECTED
no contract in output_633.sol
INFEASIBLE PATH DETECTED
INFEASIBLE PATH DETECTED
INFEASIBLE PATH DETECTED
INFEASIBLE PATH DETECTED
INFEASIBLE PATH DETECTED
INFEASIBLE PATH DETECTED
INFEASIBLE PATH DETECTED
INFEASIBLE PATH DETECTED
no contract in output_642.sol
INFEASIBLE PATH DETECTED
INFEASIBLE PATH DETECTED
INFEASIBLE PATH DETECTED
INFEASIBLE PATH DETECTED
INFEASIBLE PATH DETECTED
INFEASIBLE PATH DETECTED
INFEASIBLE PATH DETECTED
INFEASIBLE PATH DETECTED
no contract in output_653.sol
build cfg error list index out of rangeMyContract94
no contract in output_659.sol
INFEASIBLE PATH DETECTED
INFEASIBLE PATH DETECTED
INFEASIBLE PATH DETECTED
INFEASIBLE PATH DETECTED
INFEASIBLE PATH DETECTED
INFEASIBLE PATH DETECTED
INFEASIBLE PATH DETECTED
INFEASIBLE PATH DETECTED
INFEASIBLE PATH DETECTED
INFEASIBLE PATH DETECTED
INFEASIBLE PATH DETECTED
INFEASIBLE PATH DETECTED
no contract in output_679.sol
INFEASIBLE PATH DETECTED
INFEASIBLE PATH DETECTED
INFEASIBLE PATH DETECTED
INFEASIBLE PATH DETECTED
INFEASIBLE PATH DETECTED
INFEASIBLE PATH DETECTED
INFEASIBLE PATH DETECTED
INFEASIBLE PATH DETECTED
INFEASIBLE PATH DETECTED
INFEASIBLE PATH DETECTED
INFEASIBLE PATH DETECTED
INFEASIBLE PATH DETECTED
INFEASIBLE PATH DETECTED
INFEASIBLE PATH DETECTED
INFEASIBLE PATH DETECTED
INFEASIBLE PATH DETECTED
no contract in output_696.sol
no contract in output_702.sol
no contract in output_703.sol
INFEASIBLE PATH DETECTED
INFEASIBLE PATH DETECTED
INFEASIBLE PATH DETECTED
INFEASIBLE PATH DETECTED
build cfg error b'parser error'ElectronicVotingMachine
INFEASIBLE PATH DETECTED
INFEASIBLE PATH DETECTED
INFEASIBLE PATH DETECTED
INFEASIBLE PATH DETECTED
INFEASIBLE PATH DETECTED
INFEASIBLE PATH DETECTED
INFEASIBLE PATH DETECTED
INFEASIBLE PATH DETECTED
INFEASIBLE PATH DETECTED
INFEASIBLE PATH DETECTED
INFEASIBLE PATH DETECTED
INFEASIBLE PATH DETECTED
INFEASIBLE PATH DETECTED
INFEASIBLE PATH DETECTED
INFEASIBLE PATH DETECTED
INFEASIBLE PATH DETECTED
INFEASIBLE PATH DETECTED
INFEASIBLE PATH DETECTED
INFEASIBLE PATH DETECTED
INFEASIBLE PATH DETECTED
INFEASIBLE PATH DETECTED
INFEASIBLE PATH DETECTED
INFEASIBLE PATH DETECTED
INFEASIBLE PATH DETECTED
INFEASIBLE PATH DETECTED
INFEASIBLE PATH DETECTED
INFEASIBLE PATH DETECTED
INFEASIBLE PATH DETECTED
INFEASIBLE PATH DETECTED
INFEASIBLE PATH DETECTED
INFEASIBLE PATH DETECTED
INFEASIBLE PATH DETECTED
build cfg error list index out of rangeDSTest
INFEASIBLE PATH DETECTED
INFEASIBLE PATH DETECTED
INFEASIBLE PATH DETECTED
INFEASIBLE PATH DETECTED
no contract in output_743.sol
INFEASIBLE PATH DETECTED
INFEASIBLE PATH DETECTED
INFEASIBLE PATH DETECTED
INFEASIBLE PATH DETECTED
INFEASIBLE PATH DETECTED
INFEASIBLE PATH DETECTED
INFEASIBLE PATH DETECTED
INFEASIBLE PATH DETECTED
INFEASIBLE PATH DETECTED
INFEASIBLE PATH DETECTED
INFEASIBLE PATH DETECTED
INFEASIBLE PATH DETECTED
INFEASIBLE PATH DETECTED
INFEASIBLE PATH DETECTED
INFEASIBLE PATH DETECTED
INFEASIBLE PATH DETECTED
INFEASIBLE PATH DETECTED
INFEASIBLE PATH DETECTED
INFEASIBLE PATH DETECTED
INFEASIBLE PATH DETECTED
INFEASIBLE PATH DETECTED
INFEASIBLE PATH DETECTED
INFEASIBLE PATH DETECTED
INFEASIBLE PATH DETECTED
no contract in output_751.sol
INFEASIBLE PATH DETECTED
INFEASIBLE PATH DETECTED
INFEASIBLE PATH DETECTED
INFEASIBLE PATH DETECTED
INFEASIBLE PATH DETECTED
INFEASIBLE PATH DETECTED
INFEASIBLE PATH DETECTED
INFEASIBLE PATH DETECTED
INFEASIBLE PATH DETECTED
INFEASIBLE PATH DETECTED
INFEASIBLE PATH DETECTED
INFEASIBLE PATH DETECTED
INFEASIBLE PATH DETECTED
INFEASIBLE PATH DETECTED
INFEASIBLE PATH DETECTED
INFEASIBLE PATH DETECTED
INFEASIBLE PATH DETECTED
INFEASIBLE PATH DETECTED
INFEASIBLE PATH DETECTED
INFEASIBLE PATH DETECTED
INFEASIBLE PATH DETECTED
INFEASIBLE PATH DETECTED
INFEASIBLE PATH DETECTED
INFEASIBLE PATH DETECTED
build cfg error list index out of rangeMyToken6
INFEASIBLE PATH DETECTED
INFEASIBLE PATH DETECTED
INFEASIBLE PATH DETECTED
INFEASIBLE PATH DETECTED
INFEASIBLE PATH DETECTED
INFEASIBLE PATH DETECTED
INFEASIBLE PATH DETECTED
INFEASIBLE PATH DETECTED
INFEASIBLE PATH DETECTED
INFEASIBLE PATH DETECTED
INFEASIBLE PATH DETECTED
INFEASIBLE PATH DETECTED
INFEASIBLE PATH DETECTED
INFEASIBLE PATH DETECTED
INFEASIBLE PATH DETECTED
INFEASIBLE PATH DETECTED
INFEASIBLE PATH DETECTED
INFEASIBLE PATH DETECTED
INFEASIBLE PATH DETECTED
INFEASIBLE PATH DETECTED
INFEASIBLE PATH DETECTED
INFEASIBLE PATH DETECTED
INFEASIBLE PATH DETECTED
INFEASIBLE PATH DETECTED
INFEASIBLE PATH DETECTED
INFEASIBLE PATH DETECTED
INFEASIBLE PATH DETECTED
INFEASIBLE PATH DETECTED
INFEASIBLE PATH DETECTED
INFEASIBLE PATH DETECTED
INFEASIBLE PATH DETECTED
INFEASIBLE PATH DETECTED
INFEASIBLE PATH DETECTED
INFEASIBLE PATH DETECTED
INFEASIBLE PATH DETECTED
INFEASIBLE PATH DETECTED
no contract in output_784.sol
INFEASIBLE PATH DETECTED
INFEASIBLE PATH DETECTED
INFEASIBLE PATH DETECTED
INFEASIBLE PATH DETECTED
INFEASIBLE PATH DETECTED
INFEASIBLE PATH DETECTED
INFEASIBLE PATH DETECTED
INFEASIBLE PATH DETECTED
INFEASIBLE PATH DETECTED
INFEASIBLE PATH DETECTED
INFEASIBLE PATH DETECTED
INFEASIBLE PATH DETECTED
build cfg error int() can't convert non-string with explicit basesenderContract
INFEASIBLE PATH DETECTED
INFEASIBLE PATH DETECTED
INFEASIBLE PATH DETECTED
INFEASIBLE PATH DETECTED
no contract in output_798.sol
INFEASIBLE PATH DETECTED
INFEASIBLE PATH DETECTED
INFEASIBLE PATH DETECTED
INFEASIBLE PATH DETECTED
no contract in output_800.sol
INFEASIBLE PATH DETECTED
INFEASIBLE PATH DETECTED
INFEASIBLE PATH DETECTED
INFEASIBLE PATH DETECTED
INFEASIBLE PATH DETECTED
INFEASIBLE PATH DETECTED
INFEASIBLE PATH DETECTED
INFEASIBLE PATH DETECTED
build cfg error list index out of rangeSECP256K1
INFEASIBLE PATH DETECTED
INFEASIBLE PATH DETECTED
INFEASIBLE PATH DETECTED
INFEASIBLE PATH DETECTED
INFEASIBLE PATH DETECTED
INFEASIBLE PATH DETECTED
INFEASIBLE PATH DETECTED
INFEASIBLE PATH DETECTED
INFEASIBLE PATH DETECTED
INFEASIBLE PATH DETECTED
INFEASIBLE PATH DETECTED
INFEASIBLE PATH DETECTED
INFEASIBLE PATH DETECTED
INFEASIBLE PATH DETECTED
INFEASIBLE PATH DETECTED
INFEASIBLE PATH DETECTED
INFEASIBLE PATH DETECTED
INFEASIBLE PATH DETECTED
INFEASIBLE PATH DETECTED
INFEASIBLE PATH DETECTED
INFEASIBLE PATH DETECTED
INFEASIBLE PATH DETECTED
INFEASIBLE PATH DETECTED
INFEASIBLE PATH DETECTED
INFEASIBLE PATH DETECTED
INFEASIBLE PATH DETECTED
INFEASIBLE PATH DETECTED
INFEASIBLE PATH DETECTED
INFEASIBLE PATH DETECTED
INFEASIBLE PATH DETECTED
INFEASIBLE PATH DETECTED
INFEASIBLE PATH DETECTED
INFEASIBLE PATH DETECTED
INFEASIBLE PATH DETECTED
INFEASIBLE PATH DETECTED
INFEASIBLE PATH DETECTED
build cfg error list index out of rangeInitializable
INFEASIBLE PATH DETECTED
INFEASIBLE PATH DETECTED
INFEASIBLE PATH DETECTED
INFEASIBLE PATH DETECTED
INFEASIBLE PATH DETECTED
INFEASIBLE PATH DETECTED
INFEASIBLE PATH DETECTED
INFEASIBLE PATH DETECTED
INFEASIBLE PATH DETECTED
INFEASIBLE PATH DETECTED
INFEASIBLE PATH DETECTED
INFEASIBLE PATH DETECTED
no contract in output_842.sol
INFEASIBLE PATH DETECTED
INFEASIBLE PATH DETECTED
INFEASIBLE PATH DETECTED
INFEASIBLE PATH DETECTED
build cfg error list index out of rangeElector
INFEASIBLE PATH DETECTED
INFEASIBLE PATH DETECTED
INFEASIBLE PATH DETECTED
INFEASIBLE PATH DETECTED
INFEASIBLE PATH DETECTED
INFEASIBLE PATH DETECTED
INFEASIBLE PATH DETECTED
INFEASIBLE PATH DETECTED
INFEASIBLE PATH DETECTED
INFEASIBLE PATH DETECTED
INFEASIBLE PATH DETECTED
INFEASIBLE PATH DETECTED
no contract in output_857.sol
INFEASIBLE PATH DETECTED
INFEASIBLE PATH DETECTED
INFEASIBLE PATH DETECTED
INFEASIBLE PATH DETECTED
INFEASIBLE PATH DETECTED
INFEASIBLE PATH DETECTED
INFEASIBLE PATH DETECTED
INFEASIBLE PATH DETECTED
INFEASIBLE PATH DETECTED
INFEASIBLE PATH DETECTED
INFEASIBLE PATH DETECTED
INFEASIBLE PATH DETECTED
build cfg error list index out of rangeERC206
INFEASIBLE PATH DETECTED
INFEASIBLE PATH DETECTED
INFEASIBLE PATH DETECTED
INFEASIBLE PATH DETECTED
build cfg error list index out of rangeContext7
INFEASIBLE PATH DETECTED
INFEASIBLE PATH DETECTED
INFEASIBLE PATH DETECTED
INFEASIBLE PATH DETECTED
INFEASIBLE PATH DETECTED
INFEASIBLE PATH DETECTED
INFEASIBLE PATH DETECTED
INFEASIBLE PATH DETECTED
no contract in output_892.sol
INFEASIBLE PATH DETECTED
INFEASIBLE PATH DETECTED
INFEASIBLE PATH DETECTED
INFEASIBLE PATH DETECTED
no contract in output_901.sol
no contract in output_901.sol
INFEASIBLE PATH DETECTED
INFEASIBLE PATH DETECTED
no contract in output_911.sol
INFEASIBLE PATH DETECTED
INFEASIBLE PATH DETECTED
INFEASIBLE PATH DETECTED
INFEASIBLE PATH DETECTED
INFEASIBLE PATH DETECTED
INFEASIBLE PATH DETECTED
INFEASIBLE PATH DETECTED
INFEASIBLE PATH DETECTED
INFEASIBLE PATH DETECTED
INFEASIBLE PATH DETECTED
INFEASIBLE PATH DETECTED
INFEASIBLE PATH DETECTED
no contract in output_933.sol
INFEASIBLE PATH DETECTED
INFEASIBLE PATH DETECTED
INFEASIBLE PATH DETECTED
INFEASIBLE PATH DETECTED
INFEASIBLE PATH DETECTED
INFEASIBLE PATH DETECTED
INFEASIBLE PATH DETECTED
INFEASIBLE PATH DETECTED
INFEASIBLE PATH DETECTED
INFEASIBLE PATH DETECTED
INFEASIBLE PATH DETECTED
INFEASIBLE PATH DETECTED
INFEASIBLE PATH DETECTED
INFEASIBLE PATH DETECTED
INFEASIBLE PATH DETECTED
INFEASIBLE PATH DETECTED
INFEASIBLE PATH DETECTED
INFEASIBLE PATH DETECTED
INFEASIBLE PATH DETECTED
INFEASIBLE PATH DETECTED
INFEASIBLE PATH DETECTED
INFEASIBLE PATH DETECTED
INFEASIBLE PATH DETECTED
INFEASIBLE PATH DETECTED
build cfg error list index out of rangeUniswapV2ERC20
no contract in output_960.sol
INFEASIBLE PATH DETECTED
INFEASIBLE PATH DETECTED
INFEASIBLE PATH DETECTED
INFEASIBLE PATH DETECTED
no contract in output_968.sol
INFEASIBLE PATH DETECTED
INFEASIBLE PATH DETECTED
INFEASIBLE PATH DETECTED
INFEASIBLE PATH DETECTED
INFEASIBLE PATH DETECTED
INFEASIBLE PATH DETECTED
INFEASIBLE PATH DETECTED
INFEASIBLE PATH DETECTED
build cfg error int() can't convert non-string with explicit baseMyContract64
no contract in output_985.sol
INFEASIBLE PATH DETECTED
INFEASIBLE PATH DETECTED
INFEASIBLE PATH DETECTED
INFEASIBLE PATH DETECTED
INFEASIBLE PATH DETECTED
INFEASIBLE PATH DETECTED
INFEASIBLE PATH DETECTED
INFEASIBLE PATH DETECTED
INFEASIBLE PATH DETECTED
INFEASIBLE PATH DETECTED
INFEASIBLE PATH DETECTED
INFEASIBLE PATH DETECTED
INFEASIBLE PATH DETECTED
INFEASIBLE PATH DETECTED
INFEASIBLE PATH DETECTED
INFEASIBLE PATH DETECTED
INFEASIBLE PATH DETECTED
INFEASIBLE PATH DETECTED
INFEASIBLE PATH DETECTED
INFEASIBLE PATH DETECTED
INFEASIBLE PATH DETECTED
INFEASIBLE PATH DETECTED
INFEASIBLE PATH DETECTED
INFEASIBLE PATH DETECTED
INFEASIBLE PATH DETECTED
INFEASIBLE PATH DETECTED
no contract in output_1000.sol
INFEASIBLE PATH DETECTED
INFEASIBLE PATH DETECTED
INFEASIBLE PATH DETECTED
INFEASIBLE PATH DETECTED
INFEASIBLE PATH DETECTED
INFEASIBLE PATH DETECTED
INFEASIBLE PATH DETECTED
INFEASIBLE PATH DETECTED
INFEASIBLE PATH DETECTED
INFEASIBLE PATH DETECTED
INFEASIBLE PATH DETECTED
INFEASIBLE PATH DETECTED
INFEASIBLE PATH DETECTED
INFEASIBLE PATH DETECTED
INFEASIBLE PATH DETECTED
INFEASIBLE PATH DETECTED
INFEASIBLE PATH DETECTED
INFEASIBLE PATH DETECTED
INFEASIBLE PATH DETECTED
INFEASIBLE PATH DETECTED
INFEASIBLE PATH DETECTED
INFEASIBLE PATH DETECTED
INFEASIBLE PATH DETECTED
INFEASIBLE PATH DETECTED
INFEASIBLE PATH DETECTED
INFEASIBLE PATH DETECTED
INFEASIBLE PATH DETECTED
INFEASIBLE PATH DETECTED
INFEASIBLE PATH DETECTED
INFEASIBLE PATH DETECTED
INFEASIBLE PATH DETECTED
INFEASIBLE PATH DETECTED
INFEASIBLE PATH DETECTED
INFEASIBLE PATH DETECTED
INFEASIBLE PATH DETECTED
INFEASIBLE PATH DETECTED
INFEASIBLE PATH DETECTED
INFEASIBLE PATH DETECTED
INFEASIBLE PATH DETECTED
INFEASIBLE PATH DETECTED
build cfg error int() can't convert non-string with explicit baseMyMathLibrary
INFEASIBLE PATH DETECTED
INFEASIBLE PATH DETECTED
INFEASIBLE PATH DETECTED
INFEASIBLE PATH DETECTED
INFEASIBLE PATH DETECTED
INFEASIBLE PATH DETECTED
INFEASIBLE PATH DETECTED
INFEASIBLE PATH DETECTED
INFEASIBLE PATH DETECTED
INFEASIBLE PATH DETECTED
INFEASIBLE PATH DETECTED
INFEASIBLE PATH DETECTED
INFEASIBLE PATH DETECTED
INFEASIBLE PATH DETECTED
INFEASIBLE PATH DETECTED
INFEASIBLE PATH DETECTED
INFEASIBLE PATH DETECTED
INFEASIBLE PATH DETECTED
INFEASIBLE PATH DETECTED
INFEASIBLE PATH DETECTED
build cfg error list index out of rangeOwnedBy
INFEASIBLE PATH DETECTED
INFEASIBLE PATH DETECTED
INFEASIBLE PATH DETECTED
INFEASIBLE PATH DETECTED
INFEASIBLE PATH DETECTED
INFEASIBLE PATH DETECTED
INFEASIBLE PATH DETECTED
INFEASIBLE PATH DETECTED
INFEASIBLE PATH DETECTED
INFEASIBLE PATH DETECTED
INFEASIBLE PATH DETECTED
INFEASIBLE PATH DETECTED
build cfg error list index out of rangeAccount
INFEASIBLE PATH DETECTED
INFEASIBLE PATH DETECTED
INFEASIBLE PATH DETECTED
INFEASIBLE PATH DETECTED
INFEASIBLE PATH DETECTED
INFEASIBLE PATH DETECTED
INFEASIBLE PATH DETECTED
INFEASIBLE PATH DETECTED
INFEASIBLE PATH DETECTED
INFEASIBLE PATH DETECTED
INFEASIBLE PATH DETECTED
INFEASIBLE PATH DETECTED
INFEASIBLE PATH DETECTED
INFEASIBLE PATH DETECTED
INFEASIBLE PATH DETECTED
INFEASIBLE PATH DETECTED
INFEASIBLE PATH DETECTED
INFEASIBLE PATH DETECTED
build cfg error list index out of rangeERC721
INFEASIBLE PATH DETECTED
INFEASIBLE PATH DETECTED
INFEASIBLE PATH DETECTED
INFEASIBLE PATH DETECTED
INFEASIBLE PATH DETECTED
INFEASIBLE PATH DETECTED
INFEASIBLE PATH DETECTED
INFEASIBLE PATH DETECTED
INFEASIBLE PATH DETECTED
INFEASIBLE PATH DETECTED
INFEASIBLE PATH DETECTED
INFEASIBLE PATH DETECTED
INFEASIBLE PATH DETECTED
INFEASIBLE PATH DETECTED
INFEASIBLE PATH DETECTED
INFEASIBLE PATH DETECTED
INFEASIBLE PATH DETECTED
INFEASIBLE PATH DETECTED
INFEASIBLE PATH DETECTED
INFEASIBLE PATH DETECTED
INFEASIBLE PATH DETECTED
INFEASIBLE PATH DETECTED
INFEASIBLE PATH DETECTED
INFEASIBLE PATH DETECTED
INFEASIBLE PATH DETECTED
INFEASIBLE PATH DETECTED
INFEASIBLE PATH DETECTED
INFEASIBLE PATH DETECTED
INFEASIBLE PATH DETECTED
INFEASIBLE PATH DETECTED
INFEASIBLE PATH DETECTED
INFEASIBLE PATH DETECTED
build cfg error list index out of rangeOwners
INFEASIBLE PATH DETECTED
INFEASIBLE PATH DETECTED
INFEASIBLE PATH DETECTED
INFEASIBLE PATH DETECTED
build cfg error list index out of rangeERC7213
INFEASIBLE PATH DETECTED
INFEASIBLE PATH DETECTED
INFEASIBLE PATH DETECTED
INFEASIBLE PATH DETECTED
build cfg error list index out of rangeContext10
INFEASIBLE PATH DETECTED
INFEASIBLE PATH DETECTED
INFEASIBLE PATH DETECTED
INFEASIBLE PATH DETECTED
INFEASIBLE PATH DETECTED
INFEASIBLE PATH DETECTED
INFEASIBLE PATH DETECTED
INFEASIBLE PATH DETECTED
INFEASIBLE PATH DETECTED
INFEASIBLE PATH DETECTED
INFEASIBLE PATH DETECTED
INFEASIBLE PATH DETECTED
build cfg error list index out of rangeContext1
INFEASIBLE PATH DETECTED
INFEASIBLE PATH DETECTED
INFEASIBLE PATH DETECTED
INFEASIBLE PATH DETECTED
INFEASIBLE PATH DETECTED
INFEASIBLE PATH DETECTED
INFEASIBLE PATH DETECTED
INFEASIBLE PATH DETECTED
INFEASIBLE PATH DETECTED
INFEASIBLE PATH DETECTED
INFEASIBLE PATH DETECTED
INFEASIBLE PATH DETECTED
INFEASIBLE PATH DETECTED
INFEASIBLE PATH DETECTED
INFEASIBLE PATH DETECTED
INFEASIBLE PATH DETECTED
INFEASIBLE PATH DETECTED
INFEASIBLE PATH DETECTED
INFEASIBLE PATH DETECTED
INFEASIBLE PATH DETECTED
INFEASIBLE PATH DETECTED
INFEASIBLE PATH DETECTED
INFEASIBLE PATH DETECTED
INFEASIBLE PATH DETECTED
INFEASIBLE PATH DETECTED
INFEASIBLE PATH DETECTED
INFEASIBLE PATH DETECTED
INFEASIBLE PATH DETECTED
INFEASIBLE PATH DETECTED
INFEASIBLE PATH DETECTED
INFEASIBLE PATH DETECTED
INFEASIBLE PATH DETECTED
INFEASIBLE PATH DETECTED
INFEASIBLE PATH DETECTED
INFEASIBLE PATH DETECTED
INFEASIBLE PATH DETECTED
INFEASIBLE PATH DETECTED
INFEASIBLE PATH DETECTED
INFEASIBLE PATH DETECTED
INFEASIBLE PATH DETECTED
INFEASIBLE PATH DETECTED
INFEASIBLE PATH DETECTED
INFEASIBLE PATH DETECTED
INFEASIBLE PATH DETECTED
INFEASIBLE PATH DETECTED
INFEASIBLE PATH DETECTED
INFEASIBLE PATH DETECTED
INFEASIBLE PATH DETECTED
INFEASIBLE PATH DETECTED
INFEASIBLE PATH DETECTED
INFEASIBLE PATH DETECTED
INFEASIBLE PATH DETECTED
INFEASIBLE PATH DETECTED
INFEASIBLE PATH DETECTED
INFEASIBLE PATH DETECTED
INFEASIBLE PATH DETECTED
INFEASIBLE PATH DETECTED
INFEASIBLE PATH DETECTED
INFEASIBLE PATH DETECTED
INFEASIBLE PATH DETECTED
INFEASIBLE PATH DETECTED
INFEASIBLE PATH DETECTED
INFEASIBLE PATH DETECTED
INFEASIBLE PATH DETECTED
INFEASIBLE PATH DETECTED
INFEASIBLE PATH DETECTED
INFEASIBLE PATH DETECTED
INFEASIBLE PATH DETECTED
INFEASIBLE PATH DETECTED
INFEASIBLE PATH DETECTED
build cfg error list index out of rangeBettingPool
INFEASIBLE PATH DETECTED
INFEASIBLE PATH DETECTED
INFEASIBLE PATH DETECTED
INFEASIBLE PATH DETECTED
INFEASIBLE PATH DETECTED
INFEASIBLE PATH DETECTED
INFEASIBLE PATH DETECTED
INFEASIBLE PATH DETECTED
build cfg error list index out of rangeOwnable2
INFEASIBLE PATH DETECTED
INFEASIBLE PATH DETECTED
INFEASIBLE PATH DETECTED
INFEASIBLE PATH DETECTED
INFEASIBLE PATH DETECTED
INFEASIBLE PATH DETECTED
INFEASIBLE PATH DETECTED
INFEASIBLE PATH DETECTED
build cfg error list index out of rangeAppliance
INFEASIBLE PATH DETECTED
INFEASIBLE PATH DETECTED
INFEASIBLE PATH DETECTED
INFEASIBLE PATH DETECTED
INFEASIBLE PATH DETECTED
INFEASIBLE PATH DETECTED
build cfg error b'parser error'UtilityContract
INFEASIBLE PATH DETECTED
INFEASIBLE PATH DETECTED
INFEASIBLE PATH DETECTED
INFEASIBLE PATH DETECTED
build cfg error list index out of rangeNFT1
INFEASIBLE PATH DETECTED
INFEASIBLE PATH DETECTED
INFEASIBLE PATH DETECTED
INFEASIBLE PATH DETECTED
INFEASIBLE PATH DETECTED
INFEASIBLE PATH DETECTED
INFEASIBLE PATH DETECTED
INFEASIBLE PATH DETECTED
INFEASIBLE PATH DETECTED
INFEASIBLE PATH DETECTED
INFEASIBLE PATH DETECTED
INFEASIBLE PATH DETECTED
INFEASIBLE PATH DETECTED
INFEASIBLE PATH DETECTED
INFEASIBLE PATH DETECTED
INFEASIBLE PATH DETECTED
INFEASIBLE PATH DETECTED
INFEASIBLE PATH DETECTED
INFEASIBLE PATH DETECTED
INFEASIBLE PATH DETECTED
build cfg error b'parser error'arrayExample
build cfg error list index out of rangeStep
INFEASIBLE PATH DETECTED
INFEASIBLE PATH DETECTED
INFEASIBLE PATH DETECTED
INFEASIBLE PATH DETECTED
INFEASIBLE PATH DETECTED
INFEASIBLE PATH DETECTED
INFEASIBLE PATH DETECTED
INFEASIBLE PATH DETECTED
INFEASIBLE PATH DETECTED
INFEASIBLE PATH DETECTED
INFEASIBLE PATH DETECTED
INFEASIBLE PATH DETECTED
INFEASIBLE PATH DETECTED
INFEASIBLE PATH DETECTED
INFEASIBLE PATH DETECTED
INFEASIBLE PATH DETECTED
INFEASIBLE PATH DETECTED
INFEASIBLE PATH DETECTED
INFEASIBLE PATH DETECTED
INFEASIBLE PATH DETECTED
INFEASIBLE PATH DETECTED
INFEASIBLE PATH DETECTED
INFEASIBLE PATH DETECTED
INFEASIBLE PATH DETECTED
INFEASIBLE PATH DETECTED
INFEASIBLE PATH DETECTED
INFEASIBLE PATH DETECTED
INFEASIBLE PATH DETECTED
INFEASIBLE PATH DETECTED
INFEASIBLE PATH DETECTED
INFEASIBLE PATH DETECTED
INFEASIBLE PATH DETECTED
INFEASIBLE PATH DETECTED
INFEASIBLE PATH DETECTED
INFEASIBLE PATH DETECTED
INFEASIBLE PATH DETECTED
INFEASIBLE PATH DETECTED
INFEASIBLE PATH DETECTED
INFEASIBLE PATH DETECTED
INFEASIBLE PATH DETECTED
INFEASIBLE PATH DETECTED
INFEASIBLE PATH DETECTED
INFEASIBLE PATH DETECTED
INFEASIBLE PATH DETECTED
INFEASIBLE PATH DETECTED
INFEASIBLE PATH DETECTED
INFEASIBLE PATH DETECTED
INFEASIBLE PATH DETECTED
INFEASIBLE PATH DETECTED
INFEASIBLE PATH DETECTED
INFEASIBLE PATH DETECTED
INFEASIBLE PATH DETECTED
INFEASIBLE PATH DETECTED
INFEASIBLE PATH DETECTED
INFEASIBLE PATH DETECTED
INFEASIBLE PATH DETECTED
INFEASIBLE PATH DETECTED
INFEASIBLE PATH DETECTED
INFEASIBLE PATH DETECTED
INFEASIBLE PATH DETECTED
INFEASIBLE PATH DETECTED
INFEASIBLE PATH DETECTED
INFEASIBLE PATH DETECTED
INFEASIBLE PATH DETECTED
INFEASIBLE PATH DETECTED
INFEASIBLE PATH DETECTED
INFEASIBLE PATH DETECTED
INFEASIBLE PATH DETECTED
INFEASIBLE PATH DETECTED
INFEASIBLE PATH DETECTED
INFEASIBLE PATH DETECTED
INFEASIBLE PATH DETECTED
INFEASIBLE PATH DETECTED
INFEASIBLE PATH DETECTED
INFEASIBLE PATH DETECTED
INFEASIBLE PATH DETECTED
INFEASIBLE PATH DETECTED
INFEASIBLE PATH DETECTED
INFEASIBLE PATH DETECTED
INFEASIBLE PATH DETECTED
INFEASIBLE PATH DETECTED
INFEASIBLE PATH DETECTED
INFEASIBLE PATH DETECTED
INFEASIBLE PATH DETECTED
INFEASIBLE PATH DETECTED
INFEASIBLE PATH DETECTED
build cfg error list index out of rangeStandardToken
INFEASIBLE PATH DETECTED
INFEASIBLE PATH DETECTED
INFEASIBLE PATH DETECTED
INFEASIBLE PATH DETECTED
INFEASIBLE PATH DETECTED
INFEASIBLE PATH DETECTED
INFEASIBLE PATH DETECTED
INFEASIBLE PATH DETECTED
INFEASIBLE PATH DETECTED
INFEASIBLE PATH DETECTED
INFEASIBLE PATH DETECTED
INFEASIBLE PATH DETECTED
INFEASIBLE PATH DETECTED
INFEASIBLE PATH DETECTED
INFEASIBLE PATH DETECTED
INFEASIBLE PATH DETECTED
INFEASIBLE PATH DETECTED
INFEASIBLE PATH DETECTED
INFEASIBLE PATH DETECTED
INFEASIBLE PATH DETECTED
build cfg error list index out of rangeContext9
INFEASIBLE PATH DETECTED
INFEASIBLE PATH DETECTED
INFEASIBLE PATH DETECTED
INFEASIBLE PATH DETECTED
INFEASIBLE PATH DETECTED
INFEASIBLE PATH DETECTED
INFEASIBLE PATH DETECTED
INFEASIBLE PATH DETECTED
INFEASIBLE PATH DETECTED
INFEASIBLE PATH DETECTED
INFEASIBLE PATH DETECTED
INFEASIBLE PATH DETECTED
INFEASIBLE PATH DETECTED
INFEASIBLE PATH DETECTED
build cfg error invalid literal for int() with base 16: '\n'Greeter_
build cfg error list index out of rangeercToken
build cfg error list index out of rangeUniswapV2Factory
INFEASIBLE PATH DETECTED
INFEASIBLE PATH DETECTED
INFEASIBLE PATH DETECTED
INFEASIBLE PATH DETECTED
INFEASIBLE PATH DETECTED
INFEASIBLE PATH DETECTED
INFEASIBLE PATH DETECTED
INFEASIBLE PATH DETECTED
INFEASIBLE PATH DETECTED
INFEASIBLE PATH DETECTED
INFEASIBLE PATH DETECTED
INFEASIBLE PATH DETECTED
INFEASIBLE PATH DETECTED
INFEASIBLE PATH DETECTED
INFEASIBLE PATH DETECTED
INFEASIBLE PATH DETECTED
INFEASIBLE PATH DETECTED
INFEASIBLE PATH DETECTED
INFEASIBLE PATH DETECTED
INFEASIBLE PATH DETECTED
INFEASIBLE PATH DETECTED
INFEASIBLE PATH DETECTED
INFEASIBLE PATH DETECTED
INFEASIBLE PATH DETECTED
build cfg error list index out of rangeContext5
INFEASIBLE PATH DETECTED
INFEASIBLE PATH DETECTED
INFEASIBLE PATH DETECTED
INFEASIBLE PATH DETECTED
build cfg error list index out of rangeSafeToken
build cfg error list index out of rangeERC7218
build cfg error list index out of rangeERC2061
INFEASIBLE PATH DETECTED
INFEASIBLE PATH DETECTED
INFEASIBLE PATH DETECTED
INFEASIBLE PATH DETECTED
INFEASIBLE PATH DETECTED
INFEASIBLE PATH DETECTED
INFEASIBLE PATH DETECTED
INFEASIBLE PATH DETECTED
INFEASIBLE PATH DETECTED
INFEASIBLE PATH DETECTED
INFEASIBLE PATH DETECTED
INFEASIBLE PATH DETECTED
INFEASIBLE PATH DETECTED
INFEASIBLE PATH DETECTED
INFEASIBLE PATH DETECTED
INFEASIBLE PATH DETECTED
INFEASIBLE PATH DETECTED
INFEASIBLE PATH DETECTED
INFEASIBLE PATH DETECTED
INFEASIBLE PATH DETECTED
build cfg error list index out of rangeOwnershipProxy
INFEASIBLE PATH DETECTED
INFEASIBLE PATH DETECTED
INFEASIBLE PATH DETECTED
INFEASIBLE PATH DETECTED
INFEASIBLE PATH DETECTED
INFEASIBLE PATH DETECTED
INFEASIBLE PATH DETECTED
INFEASIBLE PATH DETECTED
build cfg error list index out of rangeERC20Interface
INFEASIBLE PATH DETECTED
INFEASIBLE PATH DETECTED
INFEASIBLE PATH DETECTED
INFEASIBLE PATH DETECTED
INFEASIBLE PATH DETECTED
INFEASIBLE PATH DETECTED
INFEASIBLE PATH DETECTED
INFEASIBLE PATH DETECTED
INFEASIBLE PATH DETECTED
INFEASIBLE PATH DETECTED
INFEASIBLE PATH DETECTED
INFEASIBLE PATH DETECTED
INFEASIBLE PATH DETECTED
INFEASIBLE PATH DETECTED
INFEASIBLE PATH DETECTED
INFEASIBLE PATH DETECTED
INFEASIBLE PATH DETECTED
INFEASIBLE PATH DETECTED
INFEASIBLE PATH DETECTED
INFEASIBLE PATH DETECTED
INFEASIBLE PATH DETECTED
INFEASIBLE PATH DETECTED
INFEASIBLE PATH DETECTED
INFEASIBLE PATH DETECTED
INFEASIBLE PATH DETECTED
INFEASIBLE PATH DETECTED
INFEASIBLE PATH DETECTED
INFEASIBLE PATH DETECTED
INFEASIBLE PATH DETECTED
INFEASIBLE PATH DETECTED
INFEASIBLE PATH DETECTED
INFEASIBLE PATH DETECTED
INFEASIBLE PATH DETECTED
INFEASIBLE PATH DETECTED
INFEASIBLE PATH DETECTED
INFEASIBLE PATH DETECTED
INFEASIBLE PATH DETECTED
INFEASIBLE PATH DETECTED
INFEASIBLE PATH DETECTED
INFEASIBLE PATH DETECTED
INFEASIBLE PATH DETECTED
INFEASIBLE PATH DETECTED
INFEASIBLE PATH DETECTED
INFEASIBLE PATH DETECTED
INFEASIBLE PATH DETECTED
INFEASIBLE PATH DETECTED
INFEASIBLE PATH DETECTED
INFEASIBLE PATH DETECTED
INFEASIBLE PATH DETECTED
INFEASIBLE PATH DETECTED
INFEASIBLE PATH DETECTED
INFEASIBLE PATH DETECTED
INFEASIBLE PATH DETECTED
INFEASIBLE PATH DETECTED
INFEASIBLE PATH DETECTED
INFEASIBLE PATH DETECTED
INFEASIBLE PATH DETECTED
INFEASIBLE PATH DETECTED
INFEASIBLE PATH DETECTED
INFEASIBLE PATH DETECTED
INFEASIBLE PATH DETECTED
INFEASIBLE PATH DETECTED
INFEASIBLE PATH DETECTED
INFEASIBLE PATH DETECTED
INFEASIBLE PATH DETECTED
INFEASIBLE PATH DETECTED
INFEASIBLE PATH DETECTED
INFEASIBLE PATH DETECTED
INFEASIBLE PATH DETECTED
INFEASIBLE PATH DETECTED
INFEASIBLE PATH DETECTED
INFEASIBLE PATH DETECTED
build cfg error list index out of rangeTest110
INFEASIBLE PATH DETECTED
INFEASIBLE PATH DETECTED
INFEASIBLE PATH DETECTED
INFEASIBLE PATH DETECTED
INFEASIBLE PATH DETECTED
INFEASIBLE PATH DETECTED
INFEASIBLE PATH DETECTED
INFEASIBLE PATH DETECTED
INFEASIBLE PATH DETECTED
INFEASIBLE PATH DETECTED
INFEASIBLE PATH DETECTED
INFEASIBLE PATH DETECTED
INFEASIBLE PATH DETECTED
INFEASIBLE PATH DETECTED
INFEASIBLE PATH DETECTED
INFEASIBLE PATH DETECTED
INFEASIBLE PATH DETECTED
INFEASIBLE PATH DETECTED
INFEASIBLE PATH DETECTED
INFEASIBLE PATH DETECTED
INFEASIBLE PATH DETECTED
INFEASIBLE PATH DETECTED
INFEASIBLE PATH DETECTED
INFEASIBLE PATH DETECTED
build cfg error list index out of rangeContext8
INFEASIBLE PATH DETECTED
INFEASIBLE PATH DETECTED
INFEASIBLE PATH DETECTED
INFEASIBLE PATH DETECTED
INFEASIBLE PATH DETECTED
INFEASIBLE PATH DETECTED
INFEASIBLE PATH DETECTED
INFEASIBLE PATH DETECTED
INFEASIBLE PATH DETECTED
INFEASIBLE PATH DETECTED
INFEASIBLE PATH DETECTED
INFEASIBLE PATH DETECTED
INFEASIBLE PATH DETECTED
INFEASIBLE PATH DETECTED
INFEASIBLE PATH DETECTED
INFEASIBLE PATH DETECTED
INFEASIBLE PATH DETECTED
INFEASIBLE PATH DETECTED
INFEASIBLE PATH DETECTED
INFEASIBLE PATH DETECTED
INFEASIBLE PATH DETECTED
INFEASIBLE PATH DETECTED
INFEASIBLE PATH DETECTED
INFEASIBLE PATH DETECTED
INFEASIBLE PATH DETECTED
INFEASIBLE PATH DETECTED
build cfg error list index out of rangeMyContract21
INFEASIBLE PATH DETECTED
INFEASIBLE PATH DETECTED
INFEASIBLE PATH DETECTED
INFEASIBLE PATH DETECTED
INFEASIBLE PATH DETECTED
INFEASIBLE PATH DETECTED
INFEASIBLE PATH DETECTED
INFEASIBLE PATH DETECTED
build cfg error list index out of rangeNFTTrigger
INFEASIBLE PATH DETECTED
INFEASIBLE PATH DETECTED
INFEASIBLE PATH DETECTED
INFEASIBLE PATH DETECTED
build cfg error list index out of rangeAbstract
INFEASIBLE PATH DETECTED
INFEASIBLE PATH DETECTED
INFEASIBLE PATH DETECTED
INFEASIBLE PATH DETECTED
INFEASIBLE PATH DETECTED
INFEASIBLE PATH DETECTED
INFEASIBLE PATH DETECTED
INFEASIBLE PATH DETECTED
INFEASIBLE PATH DETECTED
INFEASIBLE PATH DETECTED
INFEASIBLE PATH DETECTED
INFEASIBLE PATH DETECTED
INFEASIBLE PATH DETECTED
INFEASIBLE PATH DETECTED
INFEASIBLE PATH DETECTED
INFEASIBLE PATH DETECTED
INFEASIBLE PATH DETECTED
INFEASIBLE PATH DETECTED
INFEASIBLE PATH DETECTED
INFEASIBLE PATH DETECTED
INFEASIBLE PATH DETECTED
INFEASIBLE PATH DETECTED
INFEASIBLE PATH DETECTED
INFEASIBLE PATH DETECTED
INFEASIBLE PATH DETECTED
INFEASIBLE PATH DETECTED
INFEASIBLE PATH DETECTED
INFEASIBLE PATH DETECTED
INFEASIBLE PATH DETECTED
INFEASIBLE PATH DETECTED
INFEASIBLE PATH DETECTED
INFEASIBLE PATH DETECTED
INFEASIBLE PATH DETECTED
INFEASIBLE PATH DETECTED
INFEASIBLE PATH DETECTED
INFEASIBLE PATH DETECTED
INFEASIBLE PATH DETECTED
INFEASIBLE PATH DETECTED
INFEASIBLE PATH DETECTED
INFEASIBLE PATH DETECTED
INFEASIBLE PATH DETECTED
INFEASIBLE PATH DETECTED
INFEASIBLE PATH DETECTED
INFEASIBLE PATH DETECTED
INFEASIBLE PATH DETECTED
INFEASIBLE PATH DETECTED
INFEASIBLE PATH DETECTED
INFEASIBLE PATH DETECTED
INFEASIBLE PATH DETECTED
INFEASIBLE PATH DETECTED
INFEASIBLE PATH DETECTED
INFEASIBLE PATH DETECTED
INFEASIBLE PATH DETECTED
INFEASIBLE PATH DETECTED
INFEASIBLE PATH DETECTED
INFEASIBLE PATH DETECTED
INFEASIBLE PATH DETECTED
INFEASIBLE PATH DETECTED
INFEASIBLE PATH DETECTED
INFEASIBLE PATH DETECTED
INFEASIBLE PATH DETECTED
INFEASIBLE PATH DETECTED
INFEASIBLE PATH DETECTED
INFEASIBLE PATH DETECTED
INFEASIBLE PATH DETECTED
INFEASIBLE PATH DETECTED
INFEASIBLE PATH DETECTED
INFEASIBLE PATH DETECTED
INFEASIBLE PATH DETECTED
INFEASIBLE PATH DETECTED
INFEASIBLE PATH DETECTED
INFEASIBLE PATH DETECTED
INFEASIBLE PATH DETECTED
INFEASIBLE PATH DETECTED
INFEASIBLE PATH DETECTED
INFEASIBLE PATH DETECTED
INFEASIBLE PATH DETECTED
INFEASIBLE PATH DETECTED
INFEASIBLE PATH DETECTED
INFEASIBLE PATH DETECTED
INFEASIBLE PATH DETECTED
INFEASIBLE PATH DETECTED
INFEASIBLE PATH DETECTED
INFEASIBLE PATH DETECTED
build cfg error list index out of rangeERC20Interface9
INFEASIBLE PATH DETECTED
INFEASIBLE PATH DETECTED
INFEASIBLE PATH DETECTED
INFEASIBLE PATH DETECTED
build cfg error list index out of rangeUniswapV2Pair
build cfg error list index out of rangeERC20Interface1
INFEASIBLE PATH DETECTED
INFEASIBLE PATH DETECTED
INFEASIBLE PATH DETECTED
INFEASIBLE PATH DETECTED
INFEASIBLE PATH DETECTED
INFEASIBLE PATH DETECTED
INFEASIBLE PATH DETECTED
INFEASIBLE PATH DETECTED
INFEASIBLE PATH DETECTED
INFEASIBLE PATH DETECTED
INFEASIBLE PATH DETECTED
INFEASIBLE PATH DETECTED
INFEASIBLE PATH DETECTED
INFEASIBLE PATH DETECTED
INFEASIBLE PATH DETECTED
INFEASIBLE PATH DETECTED
INFEASIBLE PATH DETECTED
INFEASIBLE PATH DETECTED
INFEASIBLE PATH DETECTED
INFEASIBLE PATH DETECTED
build cfg error 'pc'PaymentGateway
build cfg error list index out of rangeERC20Interface2
build cfg error list index out of rangeToken6
INFEASIBLE PATH DETECTED
INFEASIBLE PATH DETECTED
INFEASIBLE PATH DETECTED
INFEASIBLE PATH DETECTED
INFEASIBLE PATH DETECTED
INFEASIBLE PATH DETECTED
INFEASIBLE PATH DETECTED
INFEASIBLE PATH DETECTED
build cfg error list index out of rangeERC207
build cfg error list index out of rangeERC20_HEX
INFEASIBLE PATH DETECTED
INFEASIBLE PATH DETECTED
INFEASIBLE PATH DETECTED
INFEASIBLE PATH DETECTED
INFEASIBLE PATH DETECTED
INFEASIBLE PATH DETECTED
INFEASIBLE PATH DETECTED
INFEASIBLE PATH DETECTED
INFEASIBLE PATH DETECTED
INFEASIBLE PATH DETECTED
INFEASIBLE PATH DETECTED
INFEASIBLE PATH DETECTED
build cfg error list index out of rangeSafeERC20
build cfg error list index out of rangeERC7214
INFEASIBLE PATH DETECTED
INFEASIBLE PATH DETECTED
INFEASIBLE PATH DETECTED
INFEASIBLE PATH DETECTED
INFEASIBLE PATH DETECTED
INFEASIBLE PATH DETECTED
INFEASIBLE PATH DETECTED
INFEASIBLE PATH DETECTED
INFEASIBLE PATH DETECTED
INFEASIBLE PATH DETECTED
INFEASIBLE PATH DETECTED
INFEASIBLE PATH DETECTED
build cfg error list index out of rangeIUniswapV3Factory
INFEASIBLE PATH DETECTED
INFEASIBLE PATH DETECTED
INFEASIBLE PATH DETECTED
INFEASIBLE PATH DETECTED
INFEASIBLE PATH DETECTED
INFEASIBLE PATH DETECTED
build cfg error list index out of rangeERC20Interface7
build cfg error b'parser error'MyToken3
INFEASIBLE PATH DETECTED
INFEASIBLE PATH DETECTED
INFEASIBLE PATH DETECTED
INFEASIBLE PATH DETECTED
INFEASIBLE PATH DETECTED
INFEASIBLE PATH DETECTED
INFEASIBLE PATH DETECTED
INFEASIBLE PATH DETECTED
INFEASIBLE PATH DETECTED
INFEASIBLE PATH DETECTED
build cfg error list index out of rangeERC20Interface8
INFEASIBLE PATH DETECTED
INFEASIBLE PATH DETECTED
INFEASIBLE PATH DETECTED
INFEASIBLE PATH DETECTED
build cfg error list index out of rangeHuskoToken
INFEASIBLE PATH DETECTED
INFEASIBLE PATH DETECTED
INFEASIBLE PATH DETECTED
INFEASIBLE PATH DETECTED
build cfg error list index out of rangeERC2072
INFEASIBLE PATH DETECTED
INFEASIBLE PATH DETECTED
INFEASIBLE PATH DETECTED
INFEASIBLE PATH DETECTED
INFEASIBLE PATH DETECTED
INFEASIBLE PATH DETECTED
INFEASIBLE PATH DETECTED
INFEASIBLE PATH DETECTED
INFEASIBLE PATH DETECTED
INFEASIBLE PATH DETECTED
INFEASIBLE PATH DETECTED
INFEASIBLE PATH DETECTED
INFEASIBLE PATH DETECTED
INFEASIBLE PATH DETECTED
INFEASIBLE PATH DETECTED
INFEASIBLE PATH DETECTED
INFEASIBLE PATH DETECTED
INFEASIBLE PATH DETECTED
build cfg error list index out of rangeISpool
INFEASIBLE PATH DETECTED
INFEASIBLE PATH DETECTED
INFEASIBLE PATH DETECTED
INFEASIBLE PATH DETECTED
INFEASIBLE PATH DETECTED
INFEASIBLE PATH DETECTED
INFEASIBLE PATH DETECTED
INFEASIBLE PATH DETECTED
INFEASIBLE PATH DETECTED
INFEASIBLE PATH DETECTED
INFEASIBLE PATH DETECTED
INFEASIBLE PATH DETECTED
INFEASIBLE PATH DETECTED
INFEASIBLE PATH DETECTED
INFEASIBLE PATH DETECTED
INFEASIBLE PATH DETECTED
INFEASIBLE PATH DETECTED
INFEASIBLE PATH DETECTED
build cfg error list index out of rangeContext96
INFEASIBLE PATH DETECTED
INFEASIBLE PATH DETECTED
INFEASIBLE PATH DETECTED
INFEASIBLE PATH DETECTED
build cfg error list index out of rangeOwnable65
INFEASIBLE PATH DETECTED
INFEASIBLE PATH DETECTED
INFEASIBLE PATH DETECTED
INFEASIBLE PATH DETECTED
INFEASIBLE PATH DETECTED
INFEASIBLE PATH DETECTED
INFEASIBLE PATH DETECTED
INFEASIBLE PATH DETECTED
INFEASIBLE PATH DETECTED
INFEASIBLE PATH DETECTED
INFEASIBLE PATH DETECTED
INFEASIBLE PATH DETECTED
INFEASIBLE PATH DETECTED
INFEASIBLE PATH DETECTED
INFEASIBLE PATH DETECTED
INFEASIBLE PATH DETECTED
INFEASIBLE PATH DETECTED
INFEASIBLE PATH DETECTED
INFEASIBLE PATH DETECTED
INFEASIBLE PATH DETECTED
INFEASIBLE PATH DETECTED
INFEASIBLE PATH DETECTED
INFEASIBLE PATH DETECTED
INFEASIBLE PATH DETECTED
INFEASIBLE PATH DETECTED
INFEASIBLE PATH DETECTED
INFEASIBLE PATH DETECTED
INFEASIBLE PATH DETECTED
INFEASIBLE PATH DETECTED
INFEASIBLE PATH DETECTED
INFEASIBLE PATH DETECTED
INFEASIBLE PATH DETECTED
INFEASIBLE PATH DETECTED
INFEASIBLE PATH DETECTED
INFEASIBLE PATH DETECTED
INFEASIBLE PATH DETECTED
INFEASIBLE PATH DETECTED
INFEASIBLE PATH DETECTED
INFEASIBLE PATH DETECTED
INFEASIBLE PATH DETECTED
INFEASIBLE PATH DETECTED
INFEASIBLE PATH DETECTED
build cfg error list index out of rangeContext88
build cfg error list index out of rangeABI
INFEASIBLE PATH DETECTED
INFEASIBLE PATH DETECTED
INFEASIBLE PATH DETECTED
INFEASIBLE PATH DETECTED
build cfg error list index out of rangeIF
INFEASIBLE PATH DETECTED
INFEASIBLE PATH DETECTED
INFEASIBLE PATH DETECTED
INFEASIBLE PATH DETECTED
INFEASIBLE PATH DETECTED
INFEASIBLE PATH DETECTED
INFEASIBLE PATH DETECTED
INFEASIBLE PATH DETECTED
INFEASIBLE PATH DETECTED
INFEASIBLE PATH DETECTED
INFEASIBLE PATH DETECTED
INFEASIBLE PATH DETECTED
INFEASIBLE PATH DETECTED
INFEASIBLE PATH DETECTED
INFEASIBLE PATH DETECTED
INFEASIBLE PATH DETECTED
INFEASIBLE PATH DETECTED
INFEASIBLE PATH DETECTED
INFEASIBLE PATH DETECTED
INFEASIBLE PATH DETECTED
INFEASIBLE PATH DETECTED
INFEASIBLE PATH DETECTED
INFEASIBLE PATH DETECTED
INFEASIBLE PATH DETECTED
INFEASIBLE PATH DETECTED
INFEASIBLE PATH DETECTED
INFEASIBLE PATH DETECTED
INFEASIBLE PATH DETECTED
INFEASIBLE PATH DETECTED
INFEASIBLE PATH DETECTED
INFEASIBLE PATH DETECTED
INFEASIBLE PATH DETECTED
INFEASIBLE PATH DETECTED
INFEASIBLE PATH DETECTED
INFEASIBLE PATH DETECTED
INFEASIBLE PATH DETECTED
INFEASIBLE PATH DETECTED
INFEASIBLE PATH DETECTED
INFEASIBLE PATH DETECTED
INFEASIBLE PATH DETECTED
INFEASIBLE PATH DETECTED
INFEASIBLE PATH DETECTED
INFEASIBLE PATH DETECTED
INFEASIBLE PATH DETECTED
build cfg error list index out of rangeResponse3
INFEASIBLE PATH DETECTED
INFEASIBLE PATH DETECTED
INFEASIBLE PATH DETECTED
INFEASIBLE PATH DETECTED
INFEASIBLE PATH DETECTED
INFEASIBLE PATH DETECTED
INFEASIBLE PATH DETECTED
INFEASIBLE PATH DETECTED
INFEASIBLE PATH DETECTED
INFEASIBLE PATH DETECTED
INFEASIBLE PATH DETECTED
INFEASIBLE PATH DETECTED
INFEASIBLE PATH DETECTED
INFEASIBLE PATH DETECTED
INFEASIBLE PATH DETECTED
INFEASIBLE PATH DETECTED
INFEASIBLE PATH DETECTED
INFEASIBLE PATH DETECTED
INFEASIBLE PATH DETECTED
INFEASIBLE PATH DETECTED
INFEASIBLE PATH DETECTED
INFEASIBLE PATH DETECTED
INFEASIBLE PATH DETECTED
INFEASIBLE PATH DETECTED
INFEASIBLE PATH DETECTED
INFEASIBLE PATH DETECTED
INFEASIBLE PATH DETECTED
INFEASIBLE PATH DETECTED
build cfg error list index out of rangeContext3
INFEASIBLE PATH DETECTED
INFEASIBLE PATH DETECTED
INFEASIBLE PATH DETECTED
INFEASIBLE PATH DETECTED
INFEASIBLE PATH DETECTED
INFEASIBLE PATH DETECTED
build cfg error list index out of rangeERC11558
INFEASIBLE PATH DETECTED
INFEASIBLE PATH DETECTED
INFEASIBLE PATH DETECTED
INFEASIBLE PATH DETECTED
INFEASIBLE PATH DETECTED
INFEASIBLE PATH DETECTED
INFEASIBLE PATH DETECTED
INFEASIBLE PATH DETECTED
INFEASIBLE PATH DETECTED
INFEASIBLE PATH DETECTED
build cfg error list index out of rangeERC209
INFEASIBLE PATH DETECTED
INFEASIBLE PATH DETECTED
INFEASIBLE PATH DETECTED
INFEASIBLE PATH DETECTED
INFEASIBLE PATH DETECTED
INFEASIBLE PATH DETECTED
INFEASIBLE PATH DETECTED
INFEASIBLE PATH DETECTED
INFEASIBLE PATH DETECTED
INFEASIBLE PATH DETECTED
INFEASIBLE PATH DETECTED
INFEASIBLE PATH DETECTED
INFEASIBLE PATH DETECTED
INFEASIBLE PATH DETECTED
INFEASIBLE PATH DETECTED
INFEASIBLE PATH DETECTED
INFEASIBLE PATH DETECTED
INFEASIBLE PATH DETECTED
INFEASIBLE PATH DETECTED
INFEASIBLE PATH DETECTED
INFEASIBLE PATH DETECTED
INFEASIBLE PATH DETECTED
INFEASIBLE PATH DETECTED
INFEASIBLE PATH DETECTED
INFEASIBLE PATH DETECTED
INFEASIBLE PATH DETECTED
INFEASIBLE PATH DETECTED
INFEASIBLE PATH DETECTED
INFEASIBLE PATH DETECTED
INFEASIBLE PATH DETECTED
INFEASIBLE PATH DETECTED
INFEASIBLE PATH DETECTED
INFEASIBLE PATH DETECTED
INFEASIBLE PATH DETECTED
INFEASIBLE PATH DETECTED
INFEASIBLE PATH DETECTED
INFEASIBLE PATH DETECTED
INFEASIBLE PATH DETECTED
INFEASIBLE PATH DETECTED
INFEASIBLE PATH DETECTED
INFEASIBLE PATH DETECTED
INFEASIBLE PATH DETECTED
build cfg error list index out of rangeERC201
INFEASIBLE PATH DETECTED
INFEASIBLE PATH DETECTED
INFEASIBLE PATH DETECTED
INFEASIBLE PATH DETECTED
INFEASIBLE PATH DETECTED
INFEASIBLE PATH DETECTED
INFEASIBLE PATH DETECTED
INFEASIBLE PATH DETECTED
INFEASIBLE PATH DETECTED
INFEASIBLE PATH DETECTED
INFEASIBLE PATH DETECTED
INFEASIBLE PATH DETECTED
INFEASIBLE PATH DETECTED
INFEASIBLE PATH DETECTED
INFEASIBLE PATH DETECTED
INFEASIBLE PATH DETECTED
INFEASIBLE PATH DETECTED
INFEASIBLE PATH DETECTED
build cfg error list index out of rangeERC205
INFEASIBLE PATH DETECTED
INFEASIBLE PATH DETECTED
INFEASIBLE PATH DETECTED
INFEASIBLE PATH DETECTED
INFEASIBLE PATH DETECTED
INFEASIBLE PATH DETECTED
INFEASIBLE PATH DETECTED
INFEASIBLE PATH DETECTED
build cfg error list index out of rangeToken7
INFEASIBLE PATH DETECTED
INFEASIBLE PATH DETECTED
INFEASIBLE PATH DETECTED
INFEASIBLE PATH DETECTED
INFEASIBLE PATH DETECTED
INFEASIBLE PATH DETECTED
build cfg error can only concatenate str (not "float") to strToken4
INFEASIBLE PATH DETECTED
INFEASIBLE PATH DETECTED
INFEASIBLE PATH DETECTED
INFEASIBLE PATH DETECTED
INFEASIBLE PATH DETECTED
INFEASIBLE PATH DETECTED
INFEASIBLE PATH DETECTED
INFEASIBLE PATH DETECTED
INFEASIBLE PATH DETECTED
INFEASIBLE PATH DETECTED
INFEASIBLE PATH DETECTED
INFEASIBLE PATH DETECTED
INFEASIBLE PATH DETECTED
INFEASIBLE PATH DETECTED
INFEASIBLE PATH DETECTED
INFEASIBLE PATH DETECTED
INFEASIBLE PATH DETECTED
INFEASIBLE PATH DETECTED
INFEASIBLE PATH DETECTED
INFEASIBLE PATH DETECTED
INFEASIBLE PATH DETECTED
INFEASIBLE PATH DETECTED
INFEASIBLE PATH DETECTED
INFEASIBLE PATH DETECTED
INFEASIBLE PATH DETECTED
INFEASIBLE PATH DETECTED
INFEASIBLE PATH DETECTED
INFEASIBLE PATH DETECTED
INFEASIBLE PATH DETECTED
INFEASIBLE PATH DETECTED
build cfg error int() can't convert non-string with explicit baseOwnable36
INFEASIBLE PATH DETECTED
INFEASIBLE PATH DETECTED
INFEASIBLE PATH DETECTED
INFEASIBLE PATH DETECTED
INFEASIBLE PATH DETECTED
INFEASIBLE PATH DETECTED
INFEASIBLE PATH DETECTED
INFEASIBLE PATH DETECTED
INFEASIBLE PATH DETECTED
INFEASIBLE PATH DETECTED
build cfg error list index out of rangeContext35
INFEASIBLE PATH DETECTED
INFEASIBLE PATH DETECTED
INFEASIBLE PATH DETECTED
INFEASIBLE PATH DETECTED
INFEASIBLE PATH DETECTED
INFEASIBLE PATH DETECTED
INFEASIBLE PATH DETECTED
INFEASIBLE PATH DETECTED
INFEASIBLE PATH DETECTED
INFEASIBLE PATH DETECTED
INFEASIBLE PATH DETECTED
INFEASIBLE PATH DETECTED
INFEASIBLE PATH DETECTED
INFEASIBLE PATH DETECTED
build cfg error list index out of rangeETH_Transfer_Example
INFEASIBLE PATH DETECTED
INFEASIBLE PATH DETECTED
INFEASIBLE PATH DETECTED
INFEASIBLE PATH DETECTED
INFEASIBLE PATH DETECTED
INFEASIBLE PATH DETECTED
INFEASIBLE PATH DETECTED
INFEASIBLE PATH DETECTED
INFEASIBLE PATH DETECTED
INFEASIBLE PATH DETECTED
INFEASIBLE PATH DETECTED
INFEASIBLE PATH DETECTED
INFEASIBLE PATH DETECTED
INFEASIBLE PATH DETECTED
INFEASIBLE PATH DETECTED
INFEASIBLE PATH DETECTED
INFEASIBLE PATH DETECTED
INFEASIBLE PATH DETECTED
INFEASIBLE PATH DETECTED
INFEASIBLE PATH DETECTED
INFEASIBLE PATH DETECTED
INFEASIBLE PATH DETECTED
INFEASIBLE PATH DETECTED
INFEASIBLE PATH DETECTED
INFEASIBLE PATH DETECTED
INFEASIBLE PATH DETECTED
INFEASIBLE PATH DETECTED
INFEASIBLE PATH DETECTED
INFEASIBLE PATH DETECTED
INFEASIBLE PATH DETECTED
INFEASIBLE PATH DETECTED
INFEASIBLE PATH DETECTED
INFEASIBLE PATH DETECTED
INFEASIBLE PATH DETECTED
INFEASIBLE PATH DETECTED
INFEASIBLE PATH DETECTED
INFEASIBLE PATH DETECTED
INFEASIBLE PATH DETECTED
INFEASIBLE PATH DETECTED
INFEASIBLE PATH DETECTED
INFEASIBLE PATH DETECTED
INFEASIBLE PATH DETECTED
INFEASIBLE PATH DETECTED
INFEASIBLE PATH DETECTED
build cfg error list index out of rangeUUPSUpgradeable
build cfg error list index out of rangeERC20Interface10
INFEASIBLE PATH DETECTED
INFEASIBLE PATH DETECTED
INFEASIBLE PATH DETECTED
INFEASIBLE PATH DETECTED
INFEASIBLE PATH DETECTED
INFEASIBLE PATH DETECTED
INFEASIBLE PATH DETECTED
INFEASIBLE PATH DETECTED
INFEASIBLE PATH DETECTED
INFEASIBLE PATH DETECTED
INFEASIBLE PATH DETECTED
INFEASIBLE PATH DETECTED
INFEASIBLE PATH DETECTED
INFEASIBLE PATH DETECTED
INFEASIBLE PATH DETECTED
INFEASIBLE PATH DETECTED
INFEASIBLE PATH DETECTED
INFEASIBLE PATH DETECTED
INFEASIBLE PATH DETECTED
INFEASIBLE PATH DETECTED
INFEASIBLE PATH DETECTED
INFEASIBLE PATH DETECTED
INFEASIBLE PATH DETECTED
INFEASIBLE PATH DETECTED
build cfg error list index out of rangeAdminProposal
INFEASIBLE PATH DETECTED
INFEASIBLE PATH DETECTED
INFEASIBLE PATH DETECTED
INFEASIBLE PATH DETECTED
INFEASIBLE PATH DETECTED
INFEASIBLE PATH DETECTED
INFEASIBLE PATH DETECTED
INFEASIBLE PATH DETECTED
INFEASIBLE PATH DETECTED
INFEASIBLE PATH DETECTED
INFEASIBLE PATH DETECTED
INFEASIBLE PATH DETECTED
INFEASIBLE PATH DETECTED
INFEASIBLE PATH DETECTED
INFEASIBLE PATH DETECTED
INFEASIBLE PATH DETECTED
INFEASIBLE PATH DETECTED
INFEASIBLE PATH DETECTED
build cfg error list index out of rangeERC20Interface6
INFEASIBLE PATH DETECTED
INFEASIBLE PATH DETECTED
INFEASIBLE PATH DETECTED
INFEASIBLE PATH DETECTED
INFEASIBLE PATH DETECTED
INFEASIBLE PATH DETECTED
INFEASIBLE PATH DETECTED
INFEASIBLE PATH DETECTED
INFEASIBLE PATH DETECTED
INFEASIBLE PATH DETECTED
INFEASIBLE PATH DETECTED
INFEASIBLE PATH DETECTED
INFEASIBLE PATH DETECTED
INFEASIBLE PATH DETECTED
build cfg error list index out of rangeIFactory2
